#
# There is insufficient memory for the Java Runtime Environment to continue.
# Native memory allocation (mmap) failed to map 201326592 bytes for Failed to commit area from 0x0000000741c00000 to 0x000000074dc00000 of length 201326592.
# Possible reasons:
#   The system is out of physical RAM or swap space
#   The process is running with CompressedOops enabled, and the Java Heap may be blocking the growth of the native heap
# Possible solutions:
#   Reduce memory load on the system
#   Increase physical memory or swap space
#   Check if swap backing store is full
#   Decrease Java heap size (-Xmx/-Xms)
#   Decrease number of Java threads
#   Decrease Java thread stack sizes (-Xss)
#   Set larger code cache with -XX:ReservedCodeCacheSize=
# This output file may be truncated or incomplete.
#
#  Out of Memory Error (./src/hotspot/os/windows/os_windows.cpp:3386), pid=2300, tid=14328
#
# JRE version:  (11.0.16+8) (build )
# Java VM: OpenJDK 64-Bit Server VM (11.0.16+8, mixed mode, sharing, tiered, compressed oops, g1 gc, windows-amd64)
# No core dump will be written. Minidumps are not enabled by default on client versions of Windows
#

---------------  S U M M A R Y ------------

Command Line: org.jetbrains.kotlin.cli.jvm.K2JVMCompiler @F:\AndroidRN\AAA\UI_UX-Example\UI_Image\node_modules\react-native-screens\android\build\20230405_459888275534508280.compiler.options

Host: Intel(R) Core(TM) i5-4210U CPU @ 1.70GHz, 4 cores, 11G,  Windows 10 , 64 bit Build 19041 (10.0.19041.2546)
Time: Wed Apr  5 09:46:37 2023 SE Asia Standard Time elapsed time: 0.120227 seconds (0d 0h 0m 0s)

---------------  T H R E A D  ---------------

Current thread (0x0000027eca811800):  JavaThread "Unknown thread" [_thread_in_vm, id=14328, stack(0x000000f303b00000,0x000000f303c00000)]

Stack: [0x000000f303b00000,0x000000f303c00000]
Native frames: (J=compiled Java code, j=interpreted, Vv=VM code, C=native code)
V  [jvm.dll+0x61a63a]
V  [jvm.dll+0x757439]
V  [jvm.dll+0x758b28]
V  [jvm.dll+0x759203]
V  [jvm.dll+0x24d9a8]
V  [jvm.dll+0x61794a]
V  [jvm.dll+0x60c0f5]
V  [jvm.dll+0x304f5c]
V  [jvm.dll+0x304de2]
V  [jvm.dll+0x309af6]
V  [jvm.dll+0x34fe4f]
V  [jvm.dll+0x34f880]
V  [jvm.dll+0x2e1fd8]
V  [jvm.dll+0x2e3136]
V  [jvm.dll+0x731417]
V  [jvm.dll+0x732b9f]
V  [jvm.dll+0x35cb99]
V  [jvm.dll+0x7142b0]
V  [jvm.dll+0x3ca5ef]
V  [jvm.dll+0x3cc7a1]
C  [jli.dll+0x5207]
C  [ucrtbase.dll+0x21bb2]
C  [KERNEL32.DLL+0x17614]
C  [ntdll.dll+0x526a1]


---------------  P R O C E S S  ---------------

Threads class SMR info:
_java_thread_list=0x0000027ec87016d0, length=0, elements={
}

Java Threads: ( => current thread )

Other Threads:
  0x0000027eca829000 GCTaskThread "GC Thread#0" [stack: 0x000000f303d00000,0x000000f303e00000] [id=10092]
  0x0000027eca86e000 ConcurrentGCThread "G1 Main Marker" [stack: 0x000000f303e00000,0x000000f303f00000] [id=11668]
  0x0000027eca870800 ConcurrentGCThread "G1 Conc#0" [stack: 0x000000f303f00000,0x000000f304000000] [id=5564]

[error occurred during error reporting (printing all threads), id 0xc0000005, EXCEPTION_ACCESS_VIOLATION (0xc0000005) at pc=0x00007ff979ab17a7]

VM state:not at safepoint (not fully initialized)

VM Mutex/Monitor currently owned by a thread:  ([mutex/lock_event])
[0x0000027eca80fd20] Heap_lock - owner thread: 0x0000027eca811800

Heap address: 0x0000000741c00000, size: 3044 MB, Compressed Oops mode: Non-zero based: 0x0000000741c00000
Narrow klass base: 0x0000000000000000, Narrow klass shift: 0

GC Heap History (0 events):
No events

Deoptimization events (0 events):
No events

Classes redefined (0 events):
No events

Internal exceptions (0 events):
No events

Events (1 events):
Event: 0.038 Loaded shared library C:\Program Files\OpenJDK\openjdk-11.0.16_8\bin\zip.dll


Dynamic libraries:
0x00007ff690360000 - 0x00007ff69036d000 	C:\Program Files\OpenJDK\openjdk-11.0.16_8\bin\java.exe
0x00007ff9e8030000 - 0x00007ff9e8228000 	C:\Windows\SYSTEM32\ntdll.dll
0x00007ff9e6290000 - 0x00007ff9e634f000 	C:\Windows\System32\KERNEL32.DLL
0x00007ff9e59f0000 - 0x00007ff9e5cc2000 	C:\Windows\System32\KERNELBASE.dll
0x00007ff9e5f30000 - 0x00007ff9e6030000 	C:\Windows\System32\ucrtbase.dll
0x00007ff984420000 - 0x00007ff984437000 	C:\Program Files\OpenJDK\openjdk-11.0.16_8\bin\jli.dll
0x00007ff9e7d70000 - 0x00007ff9e7f11000 	C:\Windows\System32\USER32.dll
0x00007ff9e5890000 - 0x00007ff9e58b2000 	C:\Windows\System32\win32u.dll
0x00007ff9e67f0000 - 0x00007ff9e681b000 	C:\Windows\System32\GDI32.dll
0x00007ff9e5e20000 - 0x00007ff9e5f2f000 	C:\Windows\System32\gdi32full.dll
0x00007ff9e5d80000 - 0x00007ff9e5e1d000 	C:\Windows\System32\msvcp_win.dll
0x00007ff9c4a40000 - 0x00007ff9c4a55000 	C:\Program Files\OpenJDK\openjdk-11.0.16_8\bin\VCRUNTIME140.dll
0x00007ff9d57e0000 - 0x00007ff9d5a7a000 	C:\Windows\WinSxS\amd64_microsoft.windows.common-controls_6595b64144ccf1df_6.0.19041.1110_none_60b5254171f9507e\COMCTL32.dll
0x00007ff9e68e0000 - 0x00007ff9e697e000 	C:\Windows\System32\msvcrt.dll
0x00007ff9e6a10000 - 0x00007ff9e6a40000 	C:\Windows\System32\IMM32.DLL
0x00007ff984290000 - 0x00007ff98432b000 	C:\Program Files\OpenJDK\openjdk-11.0.16_8\bin\msvcp140.dll
0x00007ff9797c0000 - 0x00007ff97a2ce000 	C:\Program Files\OpenJDK\openjdk-11.0.16_8\bin\server\jvm.dll
0x00007ff9e74f0000 - 0x00007ff9e759e000 	C:\Windows\System32\ADVAPI32.dll
0x00007ff9e6820000 - 0x00007ff9e68bc000 	C:\Windows\System32\sechost.dll
0x00007ff9e66c0000 - 0x00007ff9e67e4000 	C:\Windows\System32\RPCRT4.dll
0x00007ff9e66b0000 - 0x00007ff9e66b8000 	C:\Windows\System32\PSAPI.DLL
0x00007ff984550000 - 0x00007ff984559000 	C:\Windows\SYSTEM32\WSOCK32.dll
0x00007ff9e7f20000 - 0x00007ff9e7f8b000 	C:\Windows\System32\WS2_32.dll
0x00007ff9dafb0000 - 0x00007ff9dafd7000 	C:\Windows\SYSTEM32\WINMM.dll
0x00007ff9dd3d0000 - 0x00007ff9dd3da000 	C:\Windows\SYSTEM32\VERSION.dll
0x00007ff9e35f0000 - 0x00007ff9e3602000 	C:\Windows\SYSTEM32\kernel.appcore.dll
0x00007ff9aaae0000 - 0x00007ff9aaaf0000 	C:\Program Files\OpenJDK\openjdk-11.0.16_8\bin\verify.dll
0x00007ff9d15d0000 - 0x00007ff9d17b4000 	C:\Windows\SYSTEM32\DBGHELP.DLL
0x00007ff9d1270000 - 0x00007ff9d12a5000 	C:\Windows\SYSTEM32\dbgcore.DLL
0x00007ff9e5930000 - 0x00007ff9e59b2000 	C:\Windows\System32\bcryptPrimitives.dll
0x00007ff9843f0000 - 0x00007ff984418000 	C:\Program Files\OpenJDK\openjdk-11.0.16_8\bin\java.dll
0x00007ff995300000 - 0x00007ff99530a000 	C:\Program Files\OpenJDK\openjdk-11.0.16_8\bin\jimage.dll
0x00007ff984270000 - 0x00007ff984288000 	C:\Program Files\OpenJDK\openjdk-11.0.16_8\bin\zip.dll

dbghelp: loaded successfully - version: 4.0.5 - missing functions: none
symbol engine: initialized successfully - sym options: 0x614 - pdb path: .;C:\Program Files\OpenJDK\openjdk-11.0.16_8\bin;C:\Windows\SYSTEM32;C:\Windows\WinSxS\amd64_microsoft.windows.common-controls_6595b64144ccf1df_6.0.19041.1110_none_60b5254171f9507e;C:\Program Files\OpenJDK\openjdk-11.0.16_8\bin\server

VM Arguments:
java_command: org.jetbrains.kotlin.cli.jvm.K2JVMCompiler @F:\AndroidRN\AAA\UI_UX-Example\UI_Image\node_modules\react-native-screens\android\build\20230405_459888275534508280.compiler.options
java_class_path (initial): C:\Users\DT\.gradle\caches\modules-2\files-2.1\org.jetbrains.kotlin\kotlin-compiler-embeddable\1.6.21\97bdd5a752ce73b58ef16c17bc7f0ea2faff7a2e\kotlin-compiler-embeddable-1.6.21.jar;C:\Users\DT\.gradle\caches\modules-2\files-2.1\org.jetbrains.kotlin\kotlin-reflect\1.6.21\5dc3574d9b7bebfcb4ec6b10ada4aaa9e140bd0b\kotlin-reflect-1.6.21.jar;C:\Users\DT\.gradle\caches\modules-2\files-2.1\org.jetbrains.kotlin\kotlin-stdlib\1.6.21\11ef67f1900634fd951bad28c53ec957fabbe5b8\kotlin-stdlib-1.6.21.jar;C:\Users\DT\.gradle\caches\modules-2\files-2.1\org.jetbrains.kotlin\kotlin-script-runtime\1.6.21\99c6675100da5d6d5b1c5a1032f27f28008d101b\kotlin-script-runtime-1.6.21.jar;C:\Users\DT\.gradle\caches\modules-2\files-2.1\org.jetbrains.kotlin\kotlin-daemon-embeddable\1.6.21\46b78cf392e1c4f10854c3cadba44abb7b82250f\kotlin-daemon-embeddable-1.6.21.jar;C:\Users\DT\.gradle\caches\modules-2\files-2.1\org.jetbrains.intellij.deps\trove4j\1.0.20200330\3afb14d5f9ceb459d724e907a21145e8ff394f02\trove4j-1.0.20200330.jar;C:\Users\DT\.gradle\caches\modules-2\files-2.1\net.java.dev.jna\jna\5.6.0\330f2244e9030119ab3030fc3fededc86713d9cc\jna-5.6.0.jar;C:\Users\DT\.gradle\caches\modules-2\files-2.1\org.jetbrains.kotlin\kotlin-stdlib-common\1.6.21\5e5b55c26dbc80372a920aef60eb774b714559b8\kotlin-stdlib-common-1.6.21.jar;C:\Users\DT\.gradle\caches\modules-2\files-2.1\org.jetbrains\annotations\13.0\919f0dfe192fb4e063e7dacadee7f8bb9a2672a9\annotations-13.0.jar
Launcher Type: SUN_STANDARD

[Global flags]
     intx CICompilerCount                          = 3                                         {product} {ergonomic}
     uint ConcGCThreads                            = 1                                         {product} {ergonomic}
     uint G1ConcRefinementThreads                  = 4                                         {product} {ergonomic}
   size_t G1HeapRegionSize                         = 1048576                                   {product} {ergonomic}
    uintx GCDrainStackTargetSize                   = 64                                        {product} {ergonomic}
   size_t InitialHeapSize                          = 201326592                                 {product} {ergonomic}
   size_t MarkStackSize                            = 4194304                                   {product} {ergonomic}
   size_t MaxHeapSize                              = 3191865344                                {product} {ergonomic}
   size_t MinHeapDeltaBytes                        = 1048576                                   {product} {ergonomic}
    uintx NonNMethodCodeHeapSize                   = 5830732                                {pd product} {ergonomic}
    uintx NonProfiledCodeHeapSize                  = 122913754                              {pd product} {ergonomic}
    uintx ProfiledCodeHeapSize                     = 122913754                              {pd product} {ergonomic}
    uintx ReservedCodeCacheSize                    = 251658240                              {pd product} {ergonomic}
     bool SegmentedCodeCache                       = true                                      {product} {ergonomic}
     bool UseCompressedClassPointers               = true                                 {lp64_product} {ergonomic}
     bool UseCompressedOops                        = true                                 {lp64_product} {ergonomic}
     bool UseG1GC                                  = true                                      {product} {ergonomic}
     bool UseLargePagesIndividualAllocation        = false                                  {pd product} {ergonomic}

Logging:
Log output configuration:
 #0: stdout all=warning uptime,level,tags
 #1: stderr all=off uptime,level,tags

Environment Variables:
JAVA_HOME=C:\Program Files\OpenJDK\openjdk-11.0.16_8
CLASSPATH=F:\AndroidRN\AAA\UI_UX-Example\UI_Image\android\\gradle\wrapper\gradle-wrapper.jar
PATH=F:\AndroidRN\AAA\UI_UX-Example\UI_Image\android\node_modules\.bin;F:\AndroidRN\AAA\UI_UX-Example\UI_Image\node_modules\.bin;F:\AndroidRN\AAA\UI_UX-Example\node_modules\.bin;F:\AndroidRN\AAA\node_modules\.bin;F:\AndroidRN\node_modules\.bin;F:\node_modules\.bin;C:\Program Files\nodejs;F:\AndroidRN\AAA\UI_UX-Example\UI_Image\node_modules\.bin;F:\AndroidRN\AAA\UI_UX-Example\UI_Image\node_modules\.bin;F:\AndroidRN\AAA\UI_UX-Example\node_modules\.bin;F:\AndroidRN\AAA\node_modules\.bin;F:\AndroidRN\node_modules\.bin;F:\node_modules\.bin;C:\Program Files\nodejs\node_modules\npm\node_modules\@npmcli\run-script\lib\node-gyp-bin;C:\Program Files\Common Files\Oracle\Java\javapath;C:\ProgramData\Oracle\Java\javapath;C:\Windows\system32;C:\Windows;C:\Windows\System32\Wbem;C:\Windows\System32\WindowsPowerShell\v1.0\;C:\Windows\System32\OpenSSH\;C:\Program Files\Microsoft SQL Server\Client SDK\ODBC\170\Tools\Binn\;C:\Program Files\dotnet\;C:\Program Files (x86)\dotnet\;E:\AndroidStudioManager\flutter\bin;C:\Users\DT\AppData\Local\Programs\Python\Python310\Scripts;C:\Program Files (x86)\Microsoft Visual Studio\2019\Community\VC\Tools\MSVC\14.29.30133\bin\Hostx64\x64;C:\Program Files (x86)\Microsoft Visual Studio\2019\Community\VC\Tools\MSVC\14.29.30133\bin\Hostx64\x64;E:\Program Files\Git\cmd;C:\Users\DT\AppData\Roaming\npm;C:\ProgramData\chocolatey\bin;C:\Program Files\OpenJDK\openjdk-11.0.16_8\bin;E:\Android\flutter\bin;C:\Users\DT\AppData\Roaming\nvm;C:\Program Files\nodejs;C:\Program Files\nodejs\;C:\Users\DT\.console-ninja\.bin;C:\Program Files\Common Files\Oracle\Java\javapath;C:\ProgramData\Oracle\Java\javapath;C:\Windows\system32;C:\Windows;C:\Windows\System32\Wbem;C:\Windows\System32\WindowsPowerShell\v1.0\;C:\Windows\System32\OpenSSH\;C:\Program Files\Microsoft SQL Server\Client SDK\ODBC\170\Tools\Binn\;C:\Program Files (x86)\Microsoft SQL Server\150\Tools\Binn\;C:\Program Files\Microsoft SQL Server\150\Tools\Binn\;C:\Program Files\Microsoft SQL Server\150\DTS\Binn\;C:\P
USERNAME=DT
LANG=en_US.UTF-8
OS=Windows_NT
PROCESSOR_IDENTIFIER=Intel64 Family 6 Model 69 Stepping 1, GenuineIntel
TMP=C:\Users\DT\AppData\Local\Temp
TEMP=C:\Users\DT\AppData\Local\Temp



---------------  S Y S T E M  ---------------

OS: Windows 10 , 64 bit Build 19041 (10.0.19041.2546)
OS uptime: 0 days 1:56 hours

CPU:total 4 (initial active 4) (2 cores per cpu, 2 threads per core) family 6 model 69 stepping 1 microcode 0x25, cmov, cx8, fxsr, mmx, sse, sse2, sse3, ssse3, sse4.1, sse4.2, popcnt, avx, avx2, aes, clmul, erms, lzcnt, ht, tsc, tscinvbit, bmi1, bmi2, fma

Memory: 4k page, system-wide physical 12171M (1155M free)
TotalPageFile size 14219M (AvailPageFile size 59M)
current process WorkingSet (physical memory assigned to process): 9M, peak: 9M
current process commit charge ("private bytes"): 51M, peak: 243M

vm_info: OpenJDK 64-Bit Server VM (11.0.16+8) for windows-amd64 JRE (11.0.16+8), built on Jul 17 2022 01:33:05 by "tester" with MS VC++ 15.9 (VS2017)

END.
