#
# There is insufficient memory for the Java Runtime Environment to continue.
# Native memory allocation (malloc) failed to allocate 1048576 bytes for AllocateHeap
# Possible reasons:
#   The system is out of physical RAM or swap space
#   The process is running with CompressedOops enabled, and the Java Heap may be blocking the growth of the native heap
# Possible solutions:
#   Reduce memory load on the system
#   Increase physical memory or swap space
#   Check if swap backing store is full
#   Decrease Java heap size (-Xmx/-Xms)
#   Decrease number of Java threads
#   Decrease Java thread stack sizes (-Xss)
#   Set larger code cache with -XX:ReservedCodeCacheSize=
#   JVM is running with Zero Based Compressed Oops mode in which the Java heap is
#     placed in the first 32GB address space. The Java Heap base address is the
#     maximum limit for the native heap growth. Please use -XX:HeapBaseMinAddress
#     to set the Java Heap base and to place the Java Heap above 32GB virtual address.
# This output file may be truncated or incomplete.
#
#  Out of Memory Error (./src/hotspot/share/memory/allocation.cpp:46), pid=10032, tid=1184
#
# JRE version: OpenJDK Runtime Environment 18.9 (11.0.16+8) (build 11.0.16+8)
# Java VM: OpenJDK 64-Bit Server VM 18.9 (11.0.16+8, mixed mode, tiered, compressed oops, g1 gc, windows-amd64)
# No core dump will be written. Minidumps are not enabled by default on client versions of Windows
#

---------------  S U M M A R Y ------------

Command Line: org.jetbrains.kotlin.cli.jvm.K2JVMCompiler @F:\AndroidRN\AAA\UI_UX-Example\UI_Image\node_modules\react-native-safe-area-context\android\build\20230405_13986856895524377203.compiler.options

Host: Intel(R) Core(TM) i5-4210U CPU @ 1.70GHz, 4 cores, 11G,  Windows 10 , 64 bit Build 19041 (10.0.19041.2546)
Time: Wed Apr  5 09:46:35 2023 SE Asia Standard Time elapsed time: 145.611942 seconds (0d 0h 2m 25s)

---------------  T H R E A D  ---------------

Current thread (0x0000020325edb000):  VMThread "VM Thread" [stack: 0x00000007b7d00000,0x00000007b7e00000] [id=1184]

Stack: [0x00000007b7d00000,0x00000007b7e00000]
[error occurred during error reporting (printing stack bounds), id 0xc0000005, EXCEPTION_ACCESS_VIOLATION (0xc0000005) at pc=0x000002030d8a112d]

Native frames: (J=compiled Java code, j=interpreted, Vv=VM code, C=native code)
V  [jvm.dll+0x61a63a]
V  [jvm.dll+0x757439]
V  [jvm.dll+0x758b28]
V  [jvm.dll+0x759165]
V  [jvm.dll+0x75911b]
V  [jvm.dll+0x6199c7]
V  [jvm.dll+0x61a0d8]
C  [ntdll.dll+0xa241f]
C  [ntdll.dll+0x514a4]
C  [ntdll.dll+0xa0f4e]
C  0x000002030d8a112d

VM_Operation (0x00000007b76f99c0): CollectForMetadataAllocation, mode: safepoint, requested by thread 0x0000020305142000


---------------  P R O C E S S  ---------------

Threads class SMR info:
_java_thread_list=0x000002032880c8b0, length=11, elements={
0x0000020305142000, 0x0000020325ee1000, 0x0000020325ee2000, 0x000002032671e800,
0x0000020326720800, 0x0000020326722000, 0x0000020326727000, 0x00000203267d7000,
0x00000203267da000, 0x00000203268f4800, 0x000002032a573800
}

Java Threads: ( => current thread )
  0x0000020305142000 JavaThread "main" [_thread_blocked, id=9228, stack(0x00000007b7600000,0x00000007b7700000)]
  0x0000020325ee1000 JavaThread "Reference Handler" daemon [_thread_blocked, id=11376, stack(0x00000007b7e00000,0x00000007b7f00000)]
  0x0000020325ee2000 JavaThread "Finalizer" daemon [_thread_blocked, id=2316, stack(0x00000007b7f00000,0x00000007b8000000)]
  0x000002032671e800 JavaThread "Signal Dispatcher" daemon [_thread_blocked, id=12524, stack(0x00000007b8000000,0x00000007b8100000)]
  0x0000020326720800 JavaThread "Attach Listener" daemon [_thread_blocked, id=14416, stack(0x00000007b8100000,0x00000007b8200000)]
  0x0000020326722000 JavaThread "Service Thread" daemon [_thread_blocked, id=11856, stack(0x00000007b8200000,0x00000007b8300000)]
  0x0000020326727000 JavaThread "C2 CompilerThread0" daemon [_thread_blocked, id=14736, stack(0x00000007b8300000,0x00000007b8400000)]
  0x00000203267d7000 JavaThread "C1 CompilerThread0" daemon [_thread_blocked, id=2772, stack(0x00000007b8400000,0x00000007b8500000)]
  0x00000203267da000 JavaThread "Sweeper thread" daemon [_thread_blocked, id=3204, stack(0x00000007b8500000,0x00000007b8600000)]
  0x00000203268f4800 JavaThread "Common-Cleaner" daemon [_thread_blocked, id=11428, stack(0x00000007b8700000,0x00000007b8800000)]
  0x000002032a573800 JavaThread "C2 CompilerThread1" daemon [_thread_blocked, id=4436, stack(0x00000007b7500000,0x00000007b7600000)]

Other Threads:
=>0x0000020325edb000 VMThread "VM Thread" [stack: 0x00000007b7d00000,0x00000007b7e00000] [id=1184]
  0x00000203268e7800 WatcherThread [stack: 0x00000007b8600000,0x00000007b8700000] [id=15040]
  0x000002030515a000 GCTaskThread "GC Thread#0" [stack: 0x00000007b7800000,0x00000007b7900000] [id=9544]
  0x0000020326de6800 GCTaskThread "GC Thread#1" [stack: 0x00000007b8800000,0x00000007b8900000] [id=6512]
  0x0000020326d93800 GCTaskThread "GC Thread#2" [stack: 0x00000007b8900000,0x00000007b8a00000] [id=7868]
  0x0000020326df7000 GCTaskThread "GC Thread#3" [stack: 0x00000007b8a00000,0x00000007b8b00000] [id=4072]
  0x000002030519f000 ConcurrentGCThread "G1 Main Marker" [stack: 0x00000007b7900000,0x00000007b7a00000] [id=2256]
  0x00000203051a0800 ConcurrentGCThread "G1 Conc#0" [stack: 0x00000007b7a00000,0x00000007b7b00000] [id=10424]
  0x0000020325d3e800 ConcurrentGCThread "G1 Refine#0" [stack: 0x00000007b7b00000,0x00000007b7c00000] [id=11672]
  0x0000020325d41000 ConcurrentGCThread "G1 Young RemSet Sampling" [stack: 0x00000007b7c00000,0x00000007b7d00000] [id=13992]

Threads with active compile tasks:
C2 CompilerThread0   145629 12130       4       org.jetbrains.kotlin.ir.declarations.IrFunction::transformChildren (99 bytes)

VM state:at safepoint (normal execution)

VM Mutex/Monitor currently owned by a thread:  ([mutex/lock_event])
[0x000002030513e270] Threads_lock - owner thread: 0x0000020325edb000
[0x000002030513e300] Heap_lock - owner thread: 0x0000020305142000

Heap address: 0x0000000501200000, size: 3044 MB, Compressed Oops mode: Zero based, Oop shift amount: 3
Narrow klass base: 0x0000000000000000, Narrow klass shift: 3
Compressed class space size: 1073741824 Address: 0x00000005bf600000

Heap:
 garbage-first heap   total 196608K, used 63415K [0x0000000501200000, 0x00000005bf600000)
  region size 1024K, 4 young (4096K), 4 survivors (4096K)
 Metaspace       used 82045K, capacity 82927K, committed 83072K, reserved 1124352K
  class space    used 8994K, capacity 9342K, committed 9344K, reserved 1048576K
Heap Regions: E=young(eden), S=young(survivor), O=old, HS=humongous(starts), HC=humongous(continues), CS=collection set, F=free, A=archive, TAMS=top-at-mark-start (previous, next)
|   0|0x0000000501200000, 0x0000000501300000, 0x0000000501300000|100%|HS|  |TAMS 0x0000000501300000, 0x0000000501300000| Complete 
|   1|0x0000000501300000, 0x0000000501400000, 0x0000000501400000|100%|HC|  |TAMS 0x0000000501400000, 0x0000000501400000| Complete 
|   2|0x0000000501400000, 0x0000000501500000, 0x0000000501500000|100%|HC|  |TAMS 0x0000000501500000, 0x0000000501500000| Complete 
|   3|0x0000000501500000, 0x0000000501600000, 0x0000000501600000|100%| O|  |TAMS 0x0000000501600000, 0x0000000501600000| Untracked 
|   4|0x0000000501600000, 0x0000000501700000, 0x0000000501700000|100%| O|  |TAMS 0x0000000501700000, 0x0000000501700000| Untracked 
|   5|0x0000000501700000, 0x0000000501800000, 0x0000000501800000|100%|HS|  |TAMS 0x0000000501800000, 0x0000000501800000| Complete 
|   6|0x0000000501800000, 0x0000000501900000, 0x0000000501900000|100%|HC|  |TAMS 0x0000000501900000, 0x0000000501900000| Complete 
|   7|0x0000000501900000, 0x0000000501a00000, 0x0000000501a00000|100%|HC|  |TAMS 0x0000000501a00000, 0x0000000501a00000| Complete 
|   8|0x0000000501a00000, 0x0000000501b00000, 0x0000000501b00000|100%|HS|  |TAMS 0x0000000501b00000, 0x0000000501b00000| Complete 
|   9|0x0000000501b00000, 0x0000000501c00000, 0x0000000501c00000|100%|HC|  |TAMS 0x0000000501c00000, 0x0000000501c00000| Complete 
|  10|0x0000000501c00000, 0x0000000501d00000, 0x0000000501d00000|100%| O|  |TAMS 0x0000000501d00000, 0x0000000501d00000| Untracked 
|  11|0x0000000501d00000, 0x0000000501e00000, 0x0000000501e00000|100%| O|  |TAMS 0x0000000501e00000, 0x0000000501e00000| Untracked 
|  12|0x0000000501e00000, 0x0000000501f00000, 0x0000000501f00000|100%| O|  |TAMS 0x0000000501f00000, 0x0000000501f00000| Untracked 
|  13|0x0000000501f00000, 0x0000000502000000, 0x0000000502000000|100%| O|  |TAMS 0x0000000502000000, 0x0000000502000000| Untracked 
|  14|0x0000000502000000, 0x0000000502100000, 0x0000000502100000|100%| O|  |TAMS 0x0000000502100000, 0x0000000502100000| Untracked 
|  15|0x0000000502100000, 0x0000000502200000, 0x0000000502200000|100%| O|  |TAMS 0x0000000502200000, 0x0000000502200000| Untracked 
|  16|0x0000000502200000, 0x0000000502300000, 0x0000000502300000|100%| O|  |TAMS 0x0000000502300000, 0x0000000502300000| Untracked 
|  17|0x0000000502300000, 0x0000000502400000, 0x0000000502400000|100%| O|  |TAMS 0x0000000502400000, 0x0000000502400000| Untracked 
|  18|0x0000000502400000, 0x0000000502500000, 0x0000000502500000|100%| O|  |TAMS 0x0000000502500000, 0x0000000502500000| Untracked 
|  19|0x0000000502500000, 0x0000000502600000, 0x0000000502600000|100%| O|  |TAMS 0x0000000502600000, 0x0000000502600000| Untracked 
|  20|0x0000000502600000, 0x0000000502700000, 0x0000000502700000|100%| O|  |TAMS 0x0000000502700000, 0x0000000502700000| Untracked 
|  21|0x0000000502700000, 0x0000000502800000, 0x0000000502800000|100%| O|  |TAMS 0x0000000502800000, 0x0000000502800000| Untracked 
|  22|0x0000000502800000, 0x0000000502900000, 0x0000000502900000|100%| O|  |TAMS 0x0000000502900000, 0x0000000502900000| Untracked 
|  23|0x0000000502900000, 0x0000000502a00000, 0x0000000502a00000|100%| O|  |TAMS 0x0000000502a00000, 0x0000000502a00000| Untracked 
|  24|0x0000000502a00000, 0x0000000502b00000, 0x0000000502b00000|100%| O|  |TAMS 0x0000000502b00000, 0x0000000502b00000| Untracked 
|  25|0x0000000502b00000, 0x0000000502c00000, 0x0000000502c00000|100%| O|  |TAMS 0x0000000502c00000, 0x0000000502c00000| Untracked 
|  26|0x0000000502c00000, 0x0000000502d00000, 0x0000000502d00000|100%| O|  |TAMS 0x0000000502d00000, 0x0000000502d00000| Untracked 
|  27|0x0000000502d00000, 0x0000000502e00000, 0x0000000502e00000|100%| O|  |TAMS 0x0000000502e00000, 0x0000000502e00000| Untracked 
|  28|0x0000000502e00000, 0x0000000502f00000, 0x0000000502f00000|100%| O|  |TAMS 0x0000000502f00000, 0x0000000502f00000| Untracked 
|  29|0x0000000502f00000, 0x0000000503000000, 0x0000000503000000|100%| O|  |TAMS 0x0000000503000000, 0x0000000503000000| Untracked 
|  30|0x0000000503000000, 0x0000000503100000, 0x0000000503100000|100%| O|  |TAMS 0x0000000503100000, 0x0000000503100000| Untracked 
|  31|0x0000000503100000, 0x0000000503200000, 0x0000000503200000|100%| O|  |TAMS 0x0000000503200000, 0x0000000503200000| Untracked 
|  32|0x0000000503200000, 0x0000000503300000, 0x0000000503300000|100%| O|  |TAMS 0x0000000503300000, 0x0000000503300000| Untracked 
|  33|0x0000000503300000, 0x0000000503400000, 0x0000000503400000|100%| O|  |TAMS 0x0000000503400000, 0x0000000503400000| Untracked 
|  34|0x0000000503400000, 0x0000000503500000, 0x0000000503500000|100%| O|  |TAMS 0x0000000503500000, 0x0000000503500000| Untracked 
|  35|0x0000000503500000, 0x0000000503600000, 0x0000000503600000|100%| O|  |TAMS 0x000000050353f400, 0x0000000503600000| Untracked 
|  36|0x0000000503600000, 0x0000000503700000, 0x0000000503700000|100%| O|  |TAMS 0x0000000503600000, 0x0000000503700000| Untracked 
|  37|0x0000000503700000, 0x0000000503800000, 0x0000000503800000|100%| O|  |TAMS 0x0000000503700000, 0x0000000503800000| Untracked 
|  38|0x0000000503800000, 0x0000000503900000, 0x0000000503900000|100%| O|  |TAMS 0x0000000503800000, 0x0000000503900000| Untracked 
|  39|0x0000000503900000, 0x0000000503a00000, 0x0000000503a00000|100%| O|  |TAMS 0x0000000503900000, 0x0000000503a00000| Untracked 
|  40|0x0000000503a00000, 0x0000000503b00000, 0x0000000503b00000|100%| O|  |TAMS 0x0000000503a00000, 0x0000000503b00000| Untracked 
|  41|0x0000000503b00000, 0x0000000503c00000, 0x0000000503c00000|100%| O|  |TAMS 0x0000000503b00000, 0x0000000503c00000| Untracked 
|  42|0x0000000503c00000, 0x0000000503d00000, 0x0000000503d00000|100%| O|  |TAMS 0x0000000503c00000, 0x0000000503d00000| Untracked 
|  43|0x0000000503d00000, 0x0000000503e00000, 0x0000000503e00000|100%| O|  |TAMS 0x0000000503d00000, 0x0000000503e00000| Untracked 
|  44|0x0000000503e00000, 0x0000000503f00000, 0x0000000503f00000|100%| O|  |TAMS 0x0000000503e00000, 0x0000000503f00000| Untracked 
|  45|0x0000000503f00000, 0x0000000504000000, 0x0000000504000000|100%| O|  |TAMS 0x0000000503f00000, 0x0000000504000000| Untracked 
|  46|0x0000000504000000, 0x0000000504100000, 0x0000000504100000|100%| O|  |TAMS 0x0000000504000000, 0x0000000504100000| Untracked 
|  47|0x0000000504100000, 0x0000000504200000, 0x0000000504200000|100%| O|  |TAMS 0x0000000504100000, 0x0000000504200000| Untracked 
|  48|0x0000000504200000, 0x0000000504300000, 0x0000000504300000|100%| O|  |TAMS 0x0000000504200000, 0x0000000504300000| Untracked 
|  49|0x0000000504300000, 0x0000000504400000, 0x0000000504400000|100%| O|  |TAMS 0x0000000504300000, 0x0000000504400000| Untracked 
|  50|0x0000000504400000, 0x0000000504500000, 0x0000000504500000|100%| O|  |TAMS 0x0000000504400000, 0x0000000504500000| Untracked 
|  51|0x0000000504500000, 0x0000000504600000, 0x0000000504600000|100%| O|  |TAMS 0x0000000504500000, 0x0000000504600000| Untracked 
|  52|0x0000000504600000, 0x0000000504700000, 0x0000000504700000|100%| O|  |TAMS 0x0000000504600000, 0x0000000504700000| Untracked 
|  53|0x0000000504700000, 0x0000000504800000, 0x0000000504800000|100%| O|  |TAMS 0x0000000504700000, 0x0000000504800000| Untracked 
|  54|0x0000000504800000, 0x0000000504900000, 0x0000000504900000|100%| O|  |TAMS 0x0000000504800000, 0x0000000504900000| Untracked 
|  55|0x0000000504900000, 0x0000000504a00000, 0x0000000504a00000|100%| O|  |TAMS 0x0000000504900000, 0x0000000504a00000| Untracked 
|  56|0x0000000504a00000, 0x0000000504b00000, 0x0000000504b00000|100%| O|  |TAMS 0x0000000504a00000, 0x0000000504b00000| Untracked 
|  57|0x0000000504b00000, 0x0000000504c00000, 0x0000000504c00000|100%| O|  |TAMS 0x0000000504b00000, 0x0000000504c00000| Untracked 
|  58|0x0000000504c00000, 0x0000000504c80000, 0x0000000504d00000| 50%| O|  |TAMS 0x0000000504c00000, 0x0000000504c80000| Untracked 
|  59|0x0000000504d00000, 0x0000000504d00000, 0x0000000504e00000|  0%| F|  |TAMS 0x0000000504d00000, 0x0000000504d00000| Untracked 
|  60|0x0000000504e00000, 0x0000000504e00000, 0x0000000504f00000|  0%| F|  |TAMS 0x0000000504e00000, 0x0000000504e00000| Untracked 
|  61|0x0000000504f00000, 0x0000000504f00000, 0x0000000505000000|  0%| F|  |TAMS 0x0000000504f00000, 0x0000000504f00000| Untracked 
|  62|0x0000000505000000, 0x0000000505000000, 0x0000000505100000|  0%| F|  |TAMS 0x0000000505000000, 0x0000000505000000| Untracked 
|  63|0x0000000505100000, 0x0000000505100000, 0x0000000505200000|  0%| F|  |TAMS 0x0000000505100000, 0x0000000505100000| Untracked 
|  64|0x0000000505200000, 0x0000000505200000, 0x0000000505300000|  0%| F|  |TAMS 0x0000000505200000, 0x0000000505200000| Untracked 
|  65|0x0000000505300000, 0x0000000505300000, 0x0000000505400000|  0%| F|  |TAMS 0x0000000505300000, 0x0000000505300000| Untracked 
|  66|0x0000000505400000, 0x0000000505400000, 0x0000000505500000|  0%| F|  |TAMS 0x0000000505400000, 0x0000000505400000| Untracked 
|  67|0x0000000505500000, 0x0000000505500000, 0x0000000505600000|  0%| F|  |TAMS 0x0000000505500000, 0x0000000505500000| Untracked 
|  68|0x0000000505600000, 0x0000000505600000, 0x0000000505700000|  0%| F|  |TAMS 0x0000000505600000, 0x0000000505600000| Untracked 
|  69|0x0000000505700000, 0x0000000505700000, 0x0000000505800000|  0%| F|  |TAMS 0x0000000505700000, 0x0000000505700000| Untracked 
|  70|0x0000000505800000, 0x0000000505800000, 0x0000000505900000|  0%| F|  |TAMS 0x0000000505800000, 0x0000000505800000| Untracked 
|  71|0x0000000505900000, 0x0000000505900000, 0x0000000505a00000|  0%| F|  |TAMS 0x0000000505900000, 0x0000000505900000| Untracked 
|  72|0x0000000505a00000, 0x0000000505a00000, 0x0000000505b00000|  0%| F|  |TAMS 0x0000000505a00000, 0x0000000505a00000| Untracked 
|  73|0x0000000505b00000, 0x0000000505b00000, 0x0000000505c00000|  0%| F|  |TAMS 0x0000000505b00000, 0x0000000505b00000| Untracked 
|  74|0x0000000505c00000, 0x0000000505c00000, 0x0000000505d00000|  0%| F|  |TAMS 0x0000000505c00000, 0x0000000505c00000| Untracked 
|  75|0x0000000505d00000, 0x0000000505d00000, 0x0000000505e00000|  0%| F|  |TAMS 0x0000000505d00000, 0x0000000505d00000| Untracked 
|  76|0x0000000505e00000, 0x0000000505e00000, 0x0000000505f00000|  0%| F|  |TAMS 0x0000000505e00000, 0x0000000505e00000| Untracked 
|  77|0x0000000505f00000, 0x0000000505f00000, 0x0000000506000000|  0%| F|  |TAMS 0x0000000505f00000, 0x0000000505f00000| Untracked 
|  78|0x0000000506000000, 0x0000000506000000, 0x0000000506100000|  0%| F|  |TAMS 0x0000000506000000, 0x0000000506000000| Untracked 
|  79|0x0000000506100000, 0x0000000506100000, 0x0000000506200000|  0%| F|  |TAMS 0x0000000506100000, 0x0000000506100000| Untracked 
|  80|0x0000000506200000, 0x0000000506200000, 0x0000000506300000|  0%| F|  |TAMS 0x0000000506200000, 0x0000000506200000| Untracked 
|  81|0x0000000506300000, 0x0000000506300000, 0x0000000506400000|  0%| F|  |TAMS 0x0000000506300000, 0x0000000506300000| Untracked 
|  82|0x0000000506400000, 0x0000000506400000, 0x0000000506500000|  0%| F|  |TAMS 0x0000000506400000, 0x0000000506400000| Untracked 
|  83|0x0000000506500000, 0x0000000506500000, 0x0000000506600000|  0%| F|  |TAMS 0x0000000506500000, 0x0000000506500000| Untracked 
|  84|0x0000000506600000, 0x0000000506600000, 0x0000000506700000|  0%| F|  |TAMS 0x0000000506600000, 0x0000000506600000| Untracked 
|  85|0x0000000506700000, 0x0000000506700000, 0x0000000506800000|  0%| F|  |TAMS 0x0000000506700000, 0x0000000506700000| Untracked 
|  86|0x0000000506800000, 0x0000000506800000, 0x0000000506900000|  0%| F|  |TAMS 0x0000000506800000, 0x0000000506800000| Untracked 
|  87|0x0000000506900000, 0x0000000506900000, 0x0000000506a00000|  0%| F|  |TAMS 0x0000000506900000, 0x0000000506900000| Untracked 
|  88|0x0000000506a00000, 0x0000000506a00000, 0x0000000506b00000|  0%| F|  |TAMS 0x0000000506a00000, 0x0000000506a00000| Untracked 
|  89|0x0000000506b00000, 0x0000000506b00000, 0x0000000506c00000|  0%| F|  |TAMS 0x0000000506b00000, 0x0000000506b00000| Untracked 
|  90|0x0000000506c00000, 0x0000000506c00000, 0x0000000506d00000|  0%| F|  |TAMS 0x0000000506c00000, 0x0000000506c00000| Untracked 
|  91|0x0000000506d00000, 0x0000000506d00000, 0x0000000506e00000|  0%| F|  |TAMS 0x0000000506d00000, 0x0000000506d00000| Untracked 
|  92|0x0000000506e00000, 0x0000000506e00000, 0x0000000506f00000|  0%| F|  |TAMS 0x0000000506e00000, 0x0000000506e00000| Untracked 
|  93|0x0000000506f00000, 0x0000000506f00000, 0x0000000507000000|  0%| F|  |TAMS 0x0000000506f00000, 0x0000000506f00000| Untracked 
|  94|0x0000000507000000, 0x0000000507000000, 0x0000000507100000|  0%| F|  |TAMS 0x0000000507000000, 0x0000000507000000| Untracked 
|  95|0x0000000507100000, 0x0000000507100000, 0x0000000507200000|  0%| F|  |TAMS 0x0000000507100000, 0x0000000507100000| Untracked 
|  96|0x0000000507200000, 0x0000000507200000, 0x0000000507300000|  0%| F|  |TAMS 0x0000000507200000, 0x0000000507200000| Untracked 
|  97|0x0000000507300000, 0x0000000507300000, 0x0000000507400000|  0%| F|  |TAMS 0x0000000507300000, 0x0000000507300000| Untracked 
|  98|0x0000000507400000, 0x0000000507400000, 0x0000000507500000|  0%| F|  |TAMS 0x0000000507400000, 0x0000000507400000| Untracked 
|  99|0x0000000507500000, 0x0000000507500000, 0x0000000507600000|  0%| F|  |TAMS 0x0000000507500000, 0x0000000507500000| Untracked 
| 100|0x0000000507600000, 0x0000000507600000, 0x0000000507700000|  0%| F|  |TAMS 0x0000000507600000, 0x0000000507600000| Untracked 
| 101|0x0000000507700000, 0x0000000507700000, 0x0000000507800000|  0%| F|  |TAMS 0x0000000507700000, 0x0000000507700000| Untracked 
| 102|0x0000000507800000, 0x0000000507800000, 0x0000000507900000|  0%| F|  |TAMS 0x0000000507800000, 0x0000000507800000| Untracked 
| 103|0x0000000507900000, 0x0000000507900000, 0x0000000507a00000|  0%| F|  |TAMS 0x0000000507900000, 0x0000000507900000| Untracked 
| 104|0x0000000507a00000, 0x0000000507a00000, 0x0000000507b00000|  0%| F|  |TAMS 0x0000000507a00000, 0x0000000507a00000| Untracked 
| 105|0x0000000507b00000, 0x0000000507b00000, 0x0000000507c00000|  0%| F|  |TAMS 0x0000000507b00000, 0x0000000507b00000| Untracked 
| 106|0x0000000507c00000, 0x0000000507c00000, 0x0000000507d00000|  0%| F|  |TAMS 0x0000000507c00000, 0x0000000507c00000| Untracked 
| 107|0x0000000507d00000, 0x0000000507d00000, 0x0000000507e00000|  0%| F|  |TAMS 0x0000000507d00000, 0x0000000507d00000| Untracked 
| 108|0x0000000507e00000, 0x0000000507e00000, 0x0000000507f00000|  0%| F|  |TAMS 0x0000000507e00000, 0x0000000507e00000| Untracked 
| 109|0x0000000507f00000, 0x0000000507f00000, 0x0000000508000000|  0%| F|  |TAMS 0x0000000507f00000, 0x0000000507f00000| Untracked 
| 110|0x0000000508000000, 0x0000000508000000, 0x0000000508100000|  0%| F|  |TAMS 0x0000000508000000, 0x0000000508000000| Untracked 
| 111|0x0000000508100000, 0x0000000508100000, 0x0000000508200000|  0%| F|  |TAMS 0x0000000508100000, 0x0000000508100000| Untracked 
| 112|0x0000000508200000, 0x0000000508200000, 0x0000000508300000|  0%| F|  |TAMS 0x0000000508200000, 0x0000000508200000| Untracked 
| 113|0x0000000508300000, 0x0000000508300000, 0x0000000508400000|  0%| F|  |TAMS 0x0000000508300000, 0x0000000508300000| Untracked 
| 114|0x0000000508400000, 0x0000000508400000, 0x0000000508500000|  0%| F|  |TAMS 0x0000000508400000, 0x0000000508400000| Untracked 
| 115|0x0000000508500000, 0x0000000508500000, 0x0000000508600000|  0%| F|  |TAMS 0x0000000508500000, 0x0000000508500000| Untracked 
| 116|0x0000000508600000, 0x0000000508600000, 0x0000000508700000|  0%| F|  |TAMS 0x0000000508600000, 0x0000000508600000| Untracked 
| 117|0x0000000508700000, 0x0000000508700000, 0x0000000508800000|  0%| F|  |TAMS 0x0000000508700000, 0x0000000508700000| Untracked 
| 118|0x0000000508800000, 0x0000000508800000, 0x0000000508900000|  0%| F|  |TAMS 0x0000000508800000, 0x0000000508800000| Untracked 
| 119|0x0000000508900000, 0x0000000508900000, 0x0000000508a00000|  0%| F|  |TAMS 0x0000000508900000, 0x0000000508900000| Untracked 
| 120|0x0000000508a00000, 0x0000000508a00000, 0x0000000508b00000|  0%| F|  |TAMS 0x0000000508a00000, 0x0000000508a00000| Untracked 
| 121|0x0000000508b00000, 0x0000000508b00000, 0x0000000508c00000|  0%| F|  |TAMS 0x0000000508b00000, 0x0000000508b00000| Untracked 
| 122|0x0000000508c00000, 0x0000000508c00000, 0x0000000508d00000|  0%| F|  |TAMS 0x0000000508c00000, 0x0000000508c00000| Untracked 
| 123|0x0000000508d00000, 0x0000000508d00000, 0x0000000508e00000|  0%| F|  |TAMS 0x0000000508d00000, 0x0000000508d00000| Untracked 
| 124|0x0000000508e00000, 0x0000000508e00000, 0x0000000508f00000|  0%| F|  |TAMS 0x0000000508e00000, 0x0000000508e00000| Untracked 
| 125|0x0000000508f00000, 0x0000000508f00000, 0x0000000509000000|  0%| F|  |TAMS 0x0000000508f00000, 0x0000000508f00000| Untracked 
| 126|0x0000000509000000, 0x0000000509000000, 0x0000000509100000|  0%| F|  |TAMS 0x0000000509000000, 0x0000000509000000| Untracked 
| 127|0x0000000509100000, 0x0000000509100000, 0x0000000509200000|  0%| F|  |TAMS 0x0000000509100000, 0x0000000509100000| Untracked 
| 128|0x0000000509200000, 0x0000000509200000, 0x0000000509300000|  0%| F|  |TAMS 0x0000000509200000, 0x0000000509200000| Untracked 
| 129|0x0000000509300000, 0x0000000509300000, 0x0000000509400000|  0%| F|  |TAMS 0x0000000509300000, 0x0000000509300000| Untracked 
| 130|0x0000000509400000, 0x0000000509400000, 0x0000000509500000|  0%| F|  |TAMS 0x0000000509400000, 0x0000000509400000| Untracked 
| 131|0x0000000509500000, 0x0000000509500000, 0x0000000509600000|  0%| F|  |TAMS 0x0000000509500000, 0x0000000509500000| Untracked 
| 132|0x0000000509600000, 0x0000000509600000, 0x0000000509700000|  0%| F|  |TAMS 0x0000000509600000, 0x0000000509600000| Untracked 
| 133|0x0000000509700000, 0x0000000509700000, 0x0000000509800000|  0%| F|  |TAMS 0x0000000509700000, 0x0000000509700000| Untracked 
| 134|0x0000000509800000, 0x0000000509800000, 0x0000000509900000|  0%| F|  |TAMS 0x0000000509800000, 0x0000000509800000| Untracked 
| 135|0x0000000509900000, 0x0000000509900000, 0x0000000509a00000|  0%| F|  |TAMS 0x0000000509900000, 0x0000000509900000| Untracked 
| 136|0x0000000509a00000, 0x0000000509a00000, 0x0000000509b00000|  0%| F|  |TAMS 0x0000000509a00000, 0x0000000509a00000| Untracked 
| 137|0x0000000509b00000, 0x0000000509b00000, 0x0000000509c00000|  0%| F|  |TAMS 0x0000000509b00000, 0x0000000509b00000| Untracked 
| 138|0x0000000509c00000, 0x0000000509c00000, 0x0000000509d00000|  0%| F|  |TAMS 0x0000000509c00000, 0x0000000509c00000| Untracked 
| 139|0x0000000509d00000, 0x0000000509d00000, 0x0000000509e00000|  0%| F|  |TAMS 0x0000000509d00000, 0x0000000509d00000| Untracked 
| 140|0x0000000509e00000, 0x0000000509e00000, 0x0000000509f00000|  0%| F|  |TAMS 0x0000000509e00000, 0x0000000509e00000| Untracked 
| 141|0x0000000509f00000, 0x0000000509f00000, 0x000000050a000000|  0%| F|  |TAMS 0x0000000509f00000, 0x0000000509f00000| Untracked 
| 142|0x000000050a000000, 0x000000050a000000, 0x000000050a100000|  0%| F|  |TAMS 0x000000050a000000, 0x000000050a000000| Untracked 
| 143|0x000000050a100000, 0x000000050a100000, 0x000000050a200000|  0%| F|  |TAMS 0x000000050a100000, 0x000000050a100000| Untracked 
| 144|0x000000050a200000, 0x000000050a200000, 0x000000050a300000|  0%| F|  |TAMS 0x000000050a200000, 0x000000050a200000| Untracked 
| 145|0x000000050a300000, 0x000000050a300000, 0x000000050a400000|  0%| F|  |TAMS 0x000000050a300000, 0x000000050a300000| Untracked 
| 146|0x000000050a400000, 0x000000050a400000, 0x000000050a500000|  0%| F|  |TAMS 0x000000050a400000, 0x000000050a400000| Untracked 
| 147|0x000000050a500000, 0x000000050a500000, 0x000000050a600000|  0%| F|  |TAMS 0x000000050a500000, 0x000000050a500000| Untracked 
| 148|0x000000050a600000, 0x000000050a600000, 0x000000050a700000|  0%| F|  |TAMS 0x000000050a600000, 0x000000050a600000| Untracked 
| 149|0x000000050a700000, 0x000000050a700000, 0x000000050a800000|  0%| F|  |TAMS 0x000000050a700000, 0x000000050a700000| Untracked 
| 150|0x000000050a800000, 0x000000050a800000, 0x000000050a900000|  0%| F|  |TAMS 0x000000050a800000, 0x000000050a800000| Untracked 
| 151|0x000000050a900000, 0x000000050a900000, 0x000000050aa00000|  0%| F|  |TAMS 0x000000050a900000, 0x000000050a900000| Untracked 
| 152|0x000000050aa00000, 0x000000050aa6dd98, 0x000000050ab00000| 42%| S|CS|TAMS 0x000000050aa00000, 0x000000050aa00000| Complete 
| 153|0x000000050ab00000, 0x000000050ac00000, 0x000000050ac00000|100%| S|CS|TAMS 0x000000050ab00000, 0x000000050ab00000| Complete 
| 154|0x000000050ac00000, 0x000000050ad00000, 0x000000050ad00000|100%| S|CS|TAMS 0x000000050ac00000, 0x000000050ac00000| Complete 
| 155|0x000000050ad00000, 0x000000050ae00000, 0x000000050ae00000|100%| S|CS|TAMS 0x000000050ad00000, 0x000000050ad00000| Complete 
| 156|0x000000050ae00000, 0x000000050ae00000, 0x000000050af00000|  0%| F|  |TAMS 0x000000050ae00000, 0x000000050ae00000| Untracked 
| 157|0x000000050af00000, 0x000000050af00000, 0x000000050b000000|  0%| F|  |TAMS 0x000000050af00000, 0x000000050af00000| Untracked 
| 158|0x000000050b000000, 0x000000050b000000, 0x000000050b100000|  0%| F|  |TAMS 0x000000050b000000, 0x000000050b000000| Untracked 
| 159|0x000000050b100000, 0x000000050b100000, 0x000000050b200000|  0%| F|  |TAMS 0x000000050b100000, 0x000000050b100000| Untracked 
| 160|0x000000050b200000, 0x000000050b200000, 0x000000050b300000|  0%| F|  |TAMS 0x000000050b200000, 0x000000050b200000| Untracked 
| 161|0x000000050b300000, 0x000000050b300000, 0x000000050b400000|  0%| F|  |TAMS 0x000000050b300000, 0x000000050b300000| Untracked 
| 162|0x000000050b400000, 0x000000050b400000, 0x000000050b500000|  0%| F|  |TAMS 0x000000050b400000, 0x000000050b400000| Untracked 
| 163|0x000000050b500000, 0x000000050b500000, 0x000000050b600000|  0%| F|  |TAMS 0x000000050b500000, 0x000000050b500000| Untracked 
| 164|0x000000050b600000, 0x000000050b600000, 0x000000050b700000|  0%| F|  |TAMS 0x000000050b600000, 0x000000050b600000| Untracked 
| 165|0x000000050b700000, 0x000000050b700000, 0x000000050b800000|  0%| F|  |TAMS 0x000000050b700000, 0x000000050b700000| Untracked 
| 166|0x000000050b800000, 0x000000050b800000, 0x000000050b900000|  0%| F|  |TAMS 0x000000050b800000, 0x000000050b800000| Untracked 
| 167|0x000000050b900000, 0x000000050b900000, 0x000000050ba00000|  0%| F|  |TAMS 0x000000050b900000, 0x000000050b900000| Untracked 
| 168|0x000000050ba00000, 0x000000050ba00000, 0x000000050bb00000|  0%| F|  |TAMS 0x000000050ba00000, 0x000000050ba00000| Untracked 
| 169|0x000000050bb00000, 0x000000050bb00000, 0x000000050bc00000|  0%| F|  |TAMS 0x000000050bb00000, 0x000000050bb00000| Untracked 
| 170|0x000000050bc00000, 0x000000050bc00000, 0x000000050bd00000|  0%| F|  |TAMS 0x000000050bc00000, 0x000000050bc00000| Untracked 
| 171|0x000000050bd00000, 0x000000050bd00000, 0x000000050be00000|  0%| F|  |TAMS 0x000000050bd00000, 0x000000050bd00000| Untracked 
| 172|0x000000050be00000, 0x000000050be00000, 0x000000050bf00000|  0%| F|  |TAMS 0x000000050be00000, 0x000000050be00000| Untracked 
| 173|0x000000050bf00000, 0x000000050bf00000, 0x000000050c000000|  0%| F|  |TAMS 0x000000050bf00000, 0x000000050bf00000| Untracked 
| 174|0x000000050c000000, 0x000000050c000000, 0x000000050c100000|  0%| F|  |TAMS 0x000000050c000000, 0x000000050c000000| Untracked 
| 175|0x000000050c100000, 0x000000050c100000, 0x000000050c200000|  0%| F|  |TAMS 0x000000050c100000, 0x000000050c100000| Untracked 
| 176|0x000000050c200000, 0x000000050c200000, 0x000000050c300000|  0%| F|  |TAMS 0x000000050c200000, 0x000000050c200000| Untracked 
| 177|0x000000050c300000, 0x000000050c300000, 0x000000050c400000|  0%| F|  |TAMS 0x000000050c300000, 0x000000050c300000| Untracked 
| 178|0x000000050c400000, 0x000000050c400000, 0x000000050c500000|  0%| F|  |TAMS 0x000000050c400000, 0x000000050c400000| Untracked 
| 179|0x000000050c500000, 0x000000050c500000, 0x000000050c600000|  0%| F|  |TAMS 0x000000050c500000, 0x000000050c500000| Untracked 
| 180|0x000000050c600000, 0x000000050c600000, 0x000000050c700000|  0%| F|  |TAMS 0x000000050c600000, 0x000000050c600000| Untracked 
| 181|0x000000050c700000, 0x000000050c700000, 0x000000050c800000|  0%| F|  |TAMS 0x000000050c700000, 0x000000050c700000| Untracked 
| 182|0x000000050c800000, 0x000000050c800000, 0x000000050c900000|  0%| F|  |TAMS 0x000000050c800000, 0x000000050c800000| Untracked 
| 183|0x000000050c900000, 0x000000050c900000, 0x000000050ca00000|  0%| F|  |TAMS 0x000000050c900000, 0x000000050c900000| Untracked 
| 184|0x000000050ca00000, 0x000000050ca00000, 0x000000050cb00000|  0%| F|  |TAMS 0x000000050ca00000, 0x000000050ca00000| Untracked 
| 185|0x000000050cb00000, 0x000000050cb00000, 0x000000050cc00000|  0%| F|  |TAMS 0x000000050cb00000, 0x000000050cb00000| Untracked 
| 186|0x000000050cc00000, 0x000000050cc00000, 0x000000050cd00000|  0%| F|  |TAMS 0x000000050cc00000, 0x000000050cc00000| Untracked 
| 187|0x000000050cd00000, 0x000000050cd00000, 0x000000050ce00000|  0%| F|  |TAMS 0x000000050cd00000, 0x000000050cd00000| Untracked 
| 188|0x000000050ce00000, 0x000000050ce00000, 0x000000050cf00000|  0%| F|  |TAMS 0x000000050ce00000, 0x000000050ce00000| Untracked 
| 189|0x000000050cf00000, 0x000000050cf00000, 0x000000050d000000|  0%| F|  |TAMS 0x000000050cf00000, 0x000000050cf00000| Untracked 
| 190|0x000000050d000000, 0x000000050d000000, 0x000000050d100000|  0%| F|  |TAMS 0x000000050d000000, 0x000000050d000000| Untracked 
| 191|0x000000050d100000, 0x000000050d100000, 0x000000050d200000|  0%| F|  |TAMS 0x000000050d100000, 0x000000050d100000| Untracked 

Card table byte_map: [0x000002031cea0000,0x000002031d4a0000] _byte_map_base: 0x000002031a697000

Marking Bits (Prev, Next): (CMBitMap*) 0x0000020305192270, (CMBitMap*) 0x0000020305192238
 Prev Bits: [0x0000020320a30000, 0x00000203239c0000)
 Next Bits: [0x000002031daa0000, 0x0000020320a30000)

Polling page: 0x0000020304920000

Metaspace:

Usage:
  Non-class:     71.86 MB capacity,    71.34 MB (>99%) used,   397.38 KB ( <1%) free+waste,   136.25 KB ( <1%) overhead. 
      Class:      9.12 MB capacity,     8.78 MB ( 96%) used,   290.20 KB (  3%) free+waste,    57.38 KB ( <1%) overhead. 
       Both:     80.98 MB capacity,    80.12 MB ( 99%) used,   687.59 KB ( <1%) free+waste,   193.63 KB ( <1%) overhead. 

Virtual space:
  Non-class space:       74.00 MB reserved,      72.00 MB ( 97%) committed 
      Class space:        1.00 GB reserved,       9.13 MB ( <1%) committed 
             Both:        1.07 GB reserved,      81.13 MB (  7%) committed 

Chunk freelists:
   Non-Class:  15.00 KB
       Class:  2.00 KB
        Both:  17.00 KB

MaxMetaspaceSize: 17179869184.00 GB
CompressedClassSpaceSize: 1.00 GB
Initial GC threshold: 20.80 MB
Current GC threshold: 98.87 MB
CDS: off

CodeHeap 'non-profiled nmethods': size=120064Kb used=7197Kb max_used=7197Kb free=112866Kb
 bounds [0x0000020315360000, 0x0000020315a70000, 0x000002031c8a0000]
CodeHeap 'profiled nmethods': size=120000Kb used=38905Kb max_used=38905Kb free=81094Kb
 bounds [0x000002030de30000, 0x0000020310430000, 0x0000020315360000]
CodeHeap 'non-nmethods': size=5696Kb used=1370Kb max_used=1400Kb free=4325Kb
 bounds [0x000002030d8a0000, 0x000002030db10000, 0x000002030de30000]
 total_blobs=12722 nmethods=12053 adapters=578
 compilation: enabled
              stopped_count=0, restarted_count=0
 full_count=0

Compilation events (20 events):
Event: 145.514 Thread 0x00000203267d7000 nmethod 12132 0x0000020310425310 code [0x00000203104255e0, 0x00000203104265b8]
Event: 145.516 Thread 0x00000203267d7000 12134       3       org.jetbrains.kotlin.renderer.RenderingUtilsKt::renderFqName (87 bytes)
Event: 145.518 Thread 0x00000203267d7000 nmethod 12134 0x0000020310426a10 code [0x0000020310426d40, 0x0000020310427df8]
Event: 145.518 Thread 0x00000203267d7000 12135       3       org.jetbrains.kotlin.backend.jvm.ir.IrInlineReferenceLocator::visitValueParameter (13 bytes)
Event: 145.519 Thread 0x00000203267d7000 nmethod 12135 0x0000020310428410 code [0x0000020310428660, 0x0000020310428f28]
Event: 145.520 Thread 0x00000203267d7000 12136       3       org.jetbrains.kotlin.backend.jvm.ir.IrInlineReferenceLocator::visitMemberAccess (13 bytes)
Event: 145.520 Thread 0x00000203267d7000 nmethod 12136 0x0000020310429210 code [0x0000020310429460, 0x0000020310429d28]
Event: 145.521 Thread 0x00000203267d7000 12137       3       org.jetbrains.kotlin.backend.jvm.ir.IrInlineReferenceLocator::visitMemberAccess (8 bytes)
Event: 145.521 Thread 0x00000203267d7000 nmethod 12137 0x000002031042a010 code [0x000002031042a240, 0x000002031042a908]
Event: 145.521 Thread 0x00000203267d7000 12138       3       org.jetbrains.kotlin.backend.jvm.ir.IrInlineReferenceLocator::visitFunctionAccess (117 bytes)
Event: 145.523 Thread 0x00000203267d7000 nmethod 12138 0x000002031042ab90 code [0x000002031042afc0, 0x000002031042cc08]
Event: 145.523 Thread 0x00000203267d7000 12139       3       org.jetbrains.kotlin.backend.jvm.ir.IrInlineReferenceLocator::visitCall (13 bytes)
Event: 145.524 Thread 0x00000203267d7000 nmethod 12139 0x000002031042d590 code [0x000002031042d760, 0x000002031042da28]
Event: 145.524 Thread 0x00000203267d7000 12140       3       org.jetbrains.kotlin.ir.visitors.IrElementVisitor$DefaultImpls::visitBody (18 bytes)
Event: 145.524 Thread 0x00000203267d7000 nmethod 12140 0x000002031042db10 code [0x000002031042dd40, 0x000002031042e388]
Event: 145.525 Thread 0x000002032a573800 nmethod 12125 0x0000020315a65c90 code [0x0000020315a65f00, 0x0000020315a668b8]
Event: 145.525 Thread 0x000002032a573800 12133       4       java.lang.CharacterDataLatin1::getType (11 bytes)
Event: 145.526 Thread 0x000002032a573800 nmethod 12133 0x0000020315a67010 code [0x0000020315a671a0, 0x0000020315a67238]
Event: 145.541 Thread 0x000002032a573800 12141       4       org.jetbrains.kotlin.ir.declarations.impl.IrFunctionCommonImpl::setTypeParameters (12 bytes)
Event: 145.543 Thread 0x000002032a573800 nmethod 12141 0x0000020315a67310 code [0x0000020315a674a0, 0x0000020315a675f8]

GC Heap History (20 events):
Event: 9.422 GC heap before
{Heap before GC invocations=0 (full 0):
 garbage-first heap   total 196608K, used 17408K [0x0000000501200000, 0x00000005bf600000)
  region size 1024K, 14 young (14336K), 0 survivors (0K)
 Metaspace       used 9903K, capacity 10034K, committed 10112K, reserved 1058816K
  class space    used 828K, capacity 853K, committed 896K, reserved 1048576K
}
Event: 10.892 GC heap after
{Heap after GC invocations=1 (full 0):
 garbage-first heap   total 196608K, used 5459K [0x0000000501200000, 0x00000005bf600000)
  region size 1024K, 2 young (2048K), 2 survivors (2048K)
 Metaspace       used 9903K, capacity 10034K, committed 10112K, reserved 1058816K
  class space    used 828K, capacity 853K, committed 896K, reserved 1048576K
}
Event: 22.215 GC heap before
{Heap before GC invocations=1 (full 0):
 garbage-first heap   total 196608K, used 50515K [0x0000000501200000, 0x00000005bf600000)
  region size 1024K, 47 young (48128K), 2 survivors (2048K)
 Metaspace       used 20975K, capacity 21182K, committed 21248K, reserved 1069056K
  class space    used 2198K, capacity 2280K, committed 2304K, reserved 1048576K
}
Event: 22.227 GC heap after
{Heap after GC invocations=2 (full 0):
 garbage-first heap   total 196608K, used 9214K [0x0000000501200000, 0x00000005bf600000)
  region size 1024K, 6 young (6144K), 6 survivors (6144K)
 Metaspace       used 20975K, capacity 21182K, committed 21248K, reserved 1069056K
  class space    used 2198K, capacity 2280K, committed 2304K, reserved 1048576K
}
Event: 44.087 GC heap before
{Heap before GC invocations=3 (full 0):
 garbage-first heap   total 196608K, used 61438K [0x0000000501200000, 0x00000005bf600000)
  region size 1024K, 52 young (53248K), 6 survivors (6144K)
 Metaspace       used 32113K, capacity 32601K, committed 32896K, reserved 1077248K
  class space    used 3985K, capacity 4182K, committed 4224K, reserved 1048576K
}
Event: 44.107 GC heap after
{Heap after GC invocations=4 (full 0):
 garbage-first heap   total 196608K, used 20843K [0x0000000501200000, 0x00000005bf600000)
  region size 1024K, 7 young (7168K), 7 survivors (7168K)
 Metaspace       used 32113K, capacity 32601K, committed 32896K, reserved 1077248K
  class space    used 3985K, capacity 4182K, committed 4224K, reserved 1048576K
}
Event: 46.392 GC heap before
{Heap before GC invocations=4 (full 0):
 garbage-first heap   total 196608K, used 33131K [0x0000000501200000, 0x00000005bf600000)
  region size 1024K, 20 young (20480K), 7 survivors (7168K)
 Metaspace       used 35183K, capacity 35658K, committed 35840K, reserved 1081344K
  class space    used 4300K, capacity 4474K, committed 4480K, reserved 1048576K
}
Event: 46.406 GC heap after
{Heap after GC invocations=5 (full 0):
 garbage-first heap   total 196608K, used 20468K [0x0000000501200000, 0x00000005bf600000)
  region size 1024K, 2 young (2048K), 2 survivors (2048K)
 Metaspace       used 35183K, capacity 35658K, committed 35840K, reserved 1081344K
  class space    used 4300K, capacity 4474K, committed 4480K, reserved 1048576K
}
Event: 61.958 GC heap before
{Heap before GC invocations=6 (full 0):
 garbage-first heap   total 196608K, used 86004K [0x0000000501200000, 0x00000005bf600000)
  region size 1024K, 64 young (65536K), 2 survivors (2048K)
 Metaspace       used 49639K, capacity 50203K, committed 50432K, reserved 1093632K
  class space    used 5775K, capacity 6028K, committed 6144K, reserved 1048576K
}
Event: 61.977 GC heap after
{Heap after GC invocations=7 (full 0):
 garbage-first heap   total 196608K, used 27864K [0x0000000501200000, 0x00000005bf600000)
  region size 1024K, 8 young (8192K), 8 survivors (8192K)
 Metaspace       used 49639K, capacity 50203K, committed 50432K, reserved 1093632K
  class space    used 5775K, capacity 6028K, committed 6144K, reserved 1048576K
}
Event: 80.035 GC heap before
{Heap before GC invocations=7 (full 0):
 garbage-first heap   total 196608K, used 108760K [0x0000000501200000, 0x00000005bf600000)
  region size 1024K, 86 young (88064K), 8 survivors (8192K)
 Metaspace       used 59331K, capacity 60148K, committed 60288K, reserved 1101824K
  class space    used 6948K, capacity 7287K, committed 7296K, reserved 1048576K
}
Event: 80.067 GC heap after
{Heap after GC invocations=8 (full 0):
 garbage-first heap   total 196608K, used 36295K [0x0000000501200000, 0x00000005bf600000)
  region size 1024K, 9 young (9216K), 9 survivors (9216K)
 Metaspace       used 59331K, capacity 60148K, committed 60288K, reserved 1101824K
  class space    used 6948K, capacity 7287K, committed 7296K, reserved 1048576K
}
Event: 80.257 GC heap before
{Heap before GC invocations=8 (full 0):
 garbage-first heap   total 196608K, used 38343K [0x0000000501200000, 0x00000005bf600000)
  region size 1024K, 12 young (12288K), 9 survivors (9216K)
 Metaspace       used 59505K, capacity 60280K, committed 60288K, reserved 1101824K
  class space    used 6957K, capacity 7288K, committed 7296K, reserved 1048576K
}
Event: 80.291 GC heap after
{Heap after GC invocations=9 (full 0):
 garbage-first heap   total 196608K, used 37844K [0x0000000501200000, 0x00000005bf600000)
  region size 1024K, 2 young (2048K), 2 survivors (2048K)
 Metaspace       used 59505K, capacity 60280K, committed 60288K, reserved 1101824K
  class space    used 6957K, capacity 7288K, committed 7296K, reserved 1048576K
}
Event: 113.392 GC heap before
{Heap before GC invocations=10 (full 0):
 garbage-first heap   total 196608K, used 139220K [0x0000000501200000, 0x00000005bf600000)
  region size 1024K, 101 young (103424K), 2 survivors (2048K)
 Metaspace       used 65522K, capacity 66386K, committed 66688K, reserved 1107968K
  class space    used 7393K, capacity 7733K, committed 7808K, reserved 1048576K
}
Event: 113.427 GC heap after
{Heap after GC invocations=11 (full 0):
 garbage-first heap   total 196608K, used 50888K [0x0000000501200000, 0x00000005bf600000)
  region size 1024K, 13 young (13312K), 13 survivors (13312K)
 Metaspace       used 65522K, capacity 66386K, committed 66688K, reserved 1107968K
  class space    used 7393K, capacity 7733K, committed 7808K, reserved 1048576K
}
Event: 140.222 GC heap before
{Heap before GC invocations=11 (full 0):
 garbage-first heap   total 196608K, used 142024K [0x0000000501200000, 0x00000005bf600000)
  region size 1024K, 102 young (104448K), 13 survivors (13312K)
 Metaspace       used 74911K, capacity 75805K, committed 75904K, reserved 1116160K
  class space    used 8193K, capacity 8568K, committed 8576K, reserved 1048576K
}
Event: 140.274 GC heap after
{Heap after GC invocations=12 (full 0):
 garbage-first heap   total 196608K, used 59654K [0x0000000501200000, 0x00000005bf600000)
  region size 1024K, 9 young (9216K), 9 survivors (9216K)
 Metaspace       used 74911K, capacity 75805K, committed 75904K, reserved 1116160K
  class space    used 8193K, capacity 8568K, committed 8576K, reserved 1048576K
}
Event: 145.546 GC heap before
{Heap before GC invocations=12 (full 0):
 garbage-first heap   total 196608K, used 95494K [0x0000000501200000, 0x00000005bf600000)
  region size 1024K, 45 young (46080K), 9 survivors (9216K)
 Metaspace       used 82045K, capacity 82927K, committed 83072K, reserved 1124352K
  class space    used 8994K, capacity 9342K, committed 9344K, reserved 1048576K
}
Event: 145.609 GC heap after
{Heap after GC invocations=13 (full 0):
 garbage-first heap   total 196608K, used 63415K [0x0000000501200000, 0x00000005bf600000)
  region size 1024K, 4 young (4096K), 4 survivors (4096K)
 Metaspace       used 82045K, capacity 82927K, committed 83072K, reserved 1124352K
  class space    used 8994K, capacity 9342K, committed 9344K, reserved 1048576K
}

Deoptimization events (20 events):
Event: 145.469 Thread 0x0000020305142000 Uncommon trap: trap_request=0xffffffde fr.pc=0x0000020315a43f40 relative=0x0000000000000660
Event: 145.469 Thread 0x0000020305142000 Uncommon trap: reason=class_check action=maybe_recompile pc=0x0000020315a43f40 method=org.jetbrains.kotlin.ir.declarations.IrFunction.acceptChildren(Lorg/jetbrains/kotlin/ir/visitors/IrElementVisitor;Ljava/lang/Object;)V @ 106 c2
Event: 145.469 Thread 0x0000020305142000 DEOPT PACKING pc=0x0000020315a43f40 sp=0x00000007b76fd5f0
Event: 145.469 Thread 0x0000020305142000 DEOPT UNPACKING pc=0x000002030d8ea1af sp=0x00000007b76fd578 mode 2
Event: 145.477 Thread 0x0000020305142000 Uncommon trap: trap_request=0xffffffc6 fr.pc=0x0000020315a60f90 relative=0x00000000000014b0
Event: 145.477 Thread 0x0000020305142000 Uncommon trap: reason=bimorphic_or_optimized_type_check action=maybe_recompile pc=0x0000020315a60f90 method=org.jetbrains.kotlin.ir.declarations.IrFunction.transformChildren(Lorg/jetbrains/kotlin/ir/visitors/IrElementTransformer;Ljava/lang/Object;)V @ 87 
Event: 145.477 Thread 0x0000020305142000 DEOPT PACKING pc=0x0000020315a60f90 sp=0x00000007b76fd5f0
Event: 145.477 Thread 0x0000020305142000 DEOPT UNPACKING pc=0x000002030d8ea1af sp=0x00000007b76fd5e0 mode 2
Event: 145.478 Thread 0x0000020305142000 Uncommon trap: trap_request=0xffffffc6 fr.pc=0x0000020315a60f90 relative=0x00000000000014b0
Event: 145.478 Thread 0x0000020305142000 Uncommon trap: reason=bimorphic_or_optimized_type_check action=maybe_recompile pc=0x0000020315a60f90 method=org.jetbrains.kotlin.ir.declarations.IrFunction.transformChildren(Lorg/jetbrains/kotlin/ir/visitors/IrElementTransformer;Ljava/lang/Object;)V @ 87 
Event: 145.478 Thread 0x0000020305142000 DEOPT PACKING pc=0x0000020315a60f90 sp=0x00000007b76fd1c0
Event: 145.478 Thread 0x0000020305142000 DEOPT UNPACKING pc=0x000002030d8ea1af sp=0x00000007b76fd1b0 mode 2
Event: 145.498 Thread 0x0000020305142000 Uncommon trap: trap_request=0xffffffc6 fr.pc=0x0000020315a60f90 relative=0x00000000000014b0
Event: 145.498 Thread 0x0000020305142000 Uncommon trap: reason=bimorphic_or_optimized_type_check action=maybe_recompile pc=0x0000020315a60f90 method=org.jetbrains.kotlin.ir.declarations.IrFunction.transformChildren(Lorg/jetbrains/kotlin/ir/visitors/IrElementTransformer;Ljava/lang/Object;)V @ 87 
Event: 145.498 Thread 0x0000020305142000 DEOPT PACKING pc=0x0000020315a60f90 sp=0x00000007b76fd3f0
Event: 145.498 Thread 0x0000020305142000 DEOPT UNPACKING pc=0x000002030d8ea1af sp=0x00000007b76fd3e0 mode 2
Event: 145.535 Thread 0x0000020305142000 Uncommon trap: trap_request=0xffffffc6 fr.pc=0x0000020315a666ec relative=0x00000000000007ec
Event: 145.535 Thread 0x0000020305142000 Uncommon trap: reason=bimorphic_or_optimized_type_check action=maybe_recompile pc=0x0000020315a666ec method=org.jetbrains.kotlin.ir.declarations.IrFunction.acceptChildren(Lorg/jetbrains/kotlin/ir/visitors/IrElementVisitor;Ljava/lang/Object;)V @ 7 c2
Event: 145.535 Thread 0x0000020305142000 DEOPT PACKING pc=0x0000020315a666ec sp=0x00000007b76fc7b0
Event: 145.535 Thread 0x0000020305142000 DEOPT UNPACKING pc=0x000002030d8ea1af sp=0x00000007b76fc758 mode 2

Classes redefined (0 events):
No events

Internal exceptions (20 events):
Event: 89.036 Thread 0x0000020305142000 Exception <a 'java/lang/NoSuchMethodError'{0x000000050ab86bb8}: 'java.lang.Object java.lang.invoke.DirectMethodHandle$Holder.invokeStatic(java.lang.Object, int, java.lang.Object, java.lang.Object)'> (0x000000050ab86bb8) thrown at [./src/hotspot/share/interpreter/linkResolver.cpp, line 773]
Event: 89.037 Thread 0x0000020305142000 Exception <a 'java/lang/NoSuchMethodError'{0x000000050ab8e380}: 'java.lang.Object java.lang.invoke.DirectMethodHandle$Holder.invokeStatic(java.lang.Object, int, java.lang.Object)'> (0x000000050ab8e380) thrown at [./src/hotspot/share/interpreter/linkResolver.cpp, line 773]
Event: 91.287 Thread 0x0000020305142000 Implicit null exception at 0x000002031542633f to 0x00000203154264ac
Event: 91.287 Thread 0x0000020305142000 Implicit null exception at 0x00000203153bd378 to 0x00000203153bd40a
Event: 91.641 Thread 0x0000020305142000 Exception <a 'java/lang/NoSuchMethodError'{0x0000000509cc71b0}: 'java.lang.Object java.lang.invoke.Invokers$Holder.linkToTargetMethod(java.lang.Object, java.lang.Object, java.lang.Object, int, int, java.lang.Object)'> (0x0000000509cc71b0) thrown at [./src/hotspot/share/interpreter/linkResolver.cpp, line 773]
Event: 93.961 Thread 0x0000020305142000 Implicit null exception at 0x0000020315667dfc to 0x0000020315668fcc
Event: 95.663 Thread 0x0000020305142000 Implicit null exception at 0x00000203156dcd03 to 0x00000203156dd080
Event: 97.098 Thread 0x0000020305142000 Exception <a 'java/lang/NoSuchMethodError'{0x0000000508cf0118}: 'int java.lang.invoke.DirectMethodHandle$Holder.invokeStaticInit(java.lang.Object, int)'> (0x0000000508cf0118) thrown at [./src/hotspot/share/interpreter/linkResolver.cpp, line 773]
Event: 97.390 Thread 0x0000020305142000 Implicit null exception at 0x0000020315380177 to 0x0000020315380694
Event: 97.729 Thread 0x0000020305142000 Implicit null exception at 0x000002031537e274 to 0x000002031537e764
Event: 99.379 Thread 0x0000020305142000 Exception <a 'java/lang/NoSuchMethodError'{0x0000000508399b78}: 'java.lang.Object java.lang.invoke.DirectMethodHandle$Holder.invokeInterface(java.lang.Object, java.lang.Object, java.lang.Object)'> (0x0000000508399b78) thrown at [./src/hotspot/share/interpreter/linkResolver.cpp, line 773]
Event: 99.380 Thread 0x0000020305142000 Exception <a 'java/lang/IncompatibleClassChangeError'{0x000000050839cda8}: Found class java.lang.Object, but interface was expected> (0x000000050839cda8) thrown at [./src/hotspot/share/interpreter/linkResolver.cpp, line 839]
Event: 99.436 Thread 0x0000020305142000 Exception <a 'java/lang/NoSuchMethodError'{0x00000005083d63b0}: 'java.lang.Object java.lang.invoke.Invokers$Holder.linkToTargetMethod(java.lang.Object, java.lang.Object, java.lang.Object, java.lang.Object, java.lang.Object, java.lang.Object, java.lang.Object)'> (0x00000005083d63b0) thrown at [./src/hotspot/share/interpreter/linkResolver.cpp, line 773]
Event: 102.011 Thread 0x0000020305142000 Implicit null exception at 0x0000020315729c0c to 0x000002031572bf9a
Event: 125.709 Thread 0x0000020305142000 Implicit null exception at 0x00000203153ba4f5 to 0x00000203153ba6d8
Event: 125.709 Thread 0x0000020305142000 Implicit null exception at 0x000002031546a62f to 0x000002031546a69d
Event: 128.019 Thread 0x0000020305142000 Implicit null exception at 0x0000020315673576 to 0x000002031567383c
Event: 129.881 Thread 0x0000020305142000 Exception <a 'java/lang/NoSuchMethodError'{0x000000050abce2b8}: 'java.lang.Object java.lang.invoke.DirectMethodHandle$Holder.invokeStaticInit(java.lang.Object, java.lang.Object, java.lang.Object, java.lang.Object)'> (0x000000050abce2b8) thrown at [./src/hotspot/share/interpreter/linkResolver.cpp, line 773]
Event: 131.581 Thread 0x0000020305142000 Exception <a 'java/lang/NoSuchMethodError'{0x000000050a1227a8}: 'int java.lang.invoke.DirectMethodHandle$Holder.invokeStaticInit(java.lang.Object, java.lang.Object, java.lang.Object, java.lang.Object)'> (0x000000050a1227a8) thrown at [./src/hotspot/share/interpreter/linkResolver.cpp, line 773]
Event: 133.294 Thread 0x0000020305142000 Implicit null exception at 0x00000203153c7e74 to 0x00000203153c8098

Events (20 events):
Event: 145.541 Executing VM operation: Deoptimize done
Event: 145.543 loading class org/jetbrains/kotlin/backend/jvm/lower/indy/LambdaMetafactoryArgumentsBuilder$SignatureAdaptationConstraints
Event: 145.543 loading class org/jetbrains/kotlin/backend/jvm/lower/indy/LambdaMetafactoryArgumentsBuilder$SignatureAdaptationConstraints done
Event: 145.543 loading class org/jetbrains/kotlin/backend/jvm/lower/indy/LambdaMetafactoryArgumentsBuilder$TypeAdaptationConstraint
Event: 145.543 loading class org/jetbrains/kotlin/backend/jvm/lower/indy/LambdaMetafactoryArgumentsBuilder$TypeAdaptationConstraint done
Event: 145.544 loading class org/jetbrains/kotlin/backend/jvm/lower/indy/LambdaMetafactoryArguments
Event: 145.544 loading class org/jetbrains/kotlin/backend/jvm/lower/indy/LambdaMetafactoryArguments done
Event: 145.544 loading class org/jetbrains/kotlin/backend/jvm/lower/indy/MetafactoryArgumentsResult$Success
Event: 145.544 loading class org/jetbrains/kotlin/backend/jvm/lower/indy/MetafactoryArgumentsResult$Success done
Event: 145.544 loading class org/jetbrains/kotlin/backend/jvm/lower/indy/MetafactoryArgumentsResult
Event: 145.544 loading class org/jetbrains/kotlin/backend/jvm/lower/indy/MetafactoryArgumentsResult done
Event: 145.545 loading class org/jetbrains/kotlin/backend/jvm/lower/FunctionReferenceLowering$visitTypeOperator$1
Event: 145.545 loading class org/jetbrains/kotlin/backend/jvm/lower/FunctionReferenceLowering$visitTypeOperator$1 done
Event: 145.545 loading class org/jetbrains/kotlin/backend/jvm/lower/FunctionReferenceLowering$wrapWithIndySamConversion$notNullSamType$1
Event: 145.545 loading class org/jetbrains/kotlin/backend/jvm/lower/FunctionReferenceLowering$wrapWithIndySamConversion$notNullSamType$1 done
Event: 145.546 loading class org/jetbrains/kotlin/ir/expressions/impl/IrRawFunctionReferenceImpl
Event: 145.546 loading class org/jetbrains/kotlin/ir/expressions/impl/IrRawFunctionReferenceImpl done
Event: 145.546 loading class org/jetbrains/kotlin/ir/expressions/IrRawFunctionReference
Event: 145.546 loading class org/jetbrains/kotlin/ir/expressions/IrRawFunctionReference done
Event: 145.546 Executing VM operation: CollectForMetadataAllocation


Dynamic libraries:
0x00007ff690360000 - 0x00007ff69036d000 	C:\Program Files\OpenJDK\openjdk-11.0.16_8\bin\java.exe
0x00007ff9e8030000 - 0x00007ff9e8228000 	C:\Windows\SYSTEM32\ntdll.dll
0x00007ff9e6290000 - 0x00007ff9e634f000 	C:\Windows\System32\KERNEL32.DLL
0x00007ff9e59f0000 - 0x00007ff9e5cc2000 	C:\Windows\System32\KERNELBASE.dll
0x00007ff9e5f30000 - 0x00007ff9e6030000 	C:\Windows\System32\ucrtbase.dll
0x00007ff984420000 - 0x00007ff984437000 	C:\Program Files\OpenJDK\openjdk-11.0.16_8\bin\jli.dll
0x00007ff9e7d70000 - 0x00007ff9e7f11000 	C:\Windows\System32\USER32.dll
0x00007ff9e5890000 - 0x00007ff9e58b2000 	C:\Windows\System32\win32u.dll
0x00007ff9e67f0000 - 0x00007ff9e681b000 	C:\Windows\System32\GDI32.dll
0x00007ff9e5e20000 - 0x00007ff9e5f2f000 	C:\Windows\System32\gdi32full.dll
0x00007ff9e5d80000 - 0x00007ff9e5e1d000 	C:\Windows\System32\msvcp_win.dll
0x00007ff9c4a40000 - 0x00007ff9c4a55000 	C:\Program Files\OpenJDK\openjdk-11.0.16_8\bin\VCRUNTIME140.dll
0x00007ff9d57e0000 - 0x00007ff9d5a7a000 	C:\Windows\WinSxS\amd64_microsoft.windows.common-controls_6595b64144ccf1df_6.0.19041.1110_none_60b5254171f9507e\COMCTL32.dll
0x00007ff9e68e0000 - 0x00007ff9e697e000 	C:\Windows\System32\msvcrt.dll
0x00007ff9e6a10000 - 0x00007ff9e6a40000 	C:\Windows\System32\IMM32.DLL
0x00007ff984290000 - 0x00007ff98432b000 	C:\Program Files\OpenJDK\openjdk-11.0.16_8\bin\msvcp140.dll
0x00007ff9797c0000 - 0x00007ff97a2ce000 	C:\Program Files\OpenJDK\openjdk-11.0.16_8\bin\server\jvm.dll
0x00007ff9e74f0000 - 0x00007ff9e759e000 	C:\Windows\System32\ADVAPI32.dll
0x00007ff9e6820000 - 0x00007ff9e68bc000 	C:\Windows\System32\sechost.dll
0x00007ff9e66c0000 - 0x00007ff9e67e4000 	C:\Windows\System32\RPCRT4.dll
0x00007ff9e66b0000 - 0x00007ff9e66b8000 	C:\Windows\System32\PSAPI.DLL
0x00007ff984550000 - 0x00007ff984559000 	C:\Windows\SYSTEM32\WSOCK32.dll
0x00007ff9e7f20000 - 0x00007ff9e7f8b000 	C:\Windows\System32\WS2_32.dll
0x00007ff9dafb0000 - 0x00007ff9dafd7000 	C:\Windows\SYSTEM32\WINMM.dll
0x00007ff9dd3d0000 - 0x00007ff9dd3da000 	C:\Windows\SYSTEM32\VERSION.dll
0x00007ff9e35f0000 - 0x00007ff9e3602000 	C:\Windows\SYSTEM32\kernel.appcore.dll
0x00007ff9aaae0000 - 0x00007ff9aaaf0000 	C:\Program Files\OpenJDK\openjdk-11.0.16_8\bin\verify.dll
0x00007ff9d15d0000 - 0x00007ff9d17b4000 	C:\Windows\SYSTEM32\DBGHELP.DLL
0x00007ff9d1270000 - 0x00007ff9d12a5000 	C:\Windows\SYSTEM32\dbgcore.DLL
0x00007ff9e5930000 - 0x00007ff9e59b2000 	C:\Windows\System32\bcryptPrimitives.dll
0x00007ff9843f0000 - 0x00007ff984418000 	C:\Program Files\OpenJDK\openjdk-11.0.16_8\bin\java.dll
0x00007ff995300000 - 0x00007ff99530a000 	C:\Program Files\OpenJDK\openjdk-11.0.16_8\bin\jimage.dll
0x00007ff984270000 - 0x00007ff984288000 	C:\Program Files\OpenJDK\openjdk-11.0.16_8\bin\zip.dll
0x00007ff9e7620000 - 0x00007ff9e7d65000 	C:\Windows\System32\SHELL32.dll
0x00007ff9e37f0000 - 0x00007ff9e3f82000 	C:\Windows\SYSTEM32\windows.storage.dll
0x00007ff9e6350000 - 0x00007ff9e66a5000 	C:\Windows\System32\combase.dll
0x00007ff9e5190000 - 0x00007ff9e51c0000 	C:\Windows\SYSTEM32\Wldp.dll
0x00007ff9e7170000 - 0x00007ff9e721d000 	C:\Windows\System32\SHCORE.dll
0x00007ff9e6ac0000 - 0x00007ff9e6b15000 	C:\Windows\System32\shlwapi.dll
0x00007ff9e5670000 - 0x00007ff9e568f000 	C:\Windows\SYSTEM32\profapi.dll
0x00007ff984250000 - 0x00007ff984269000 	C:\Program Files\OpenJDK\openjdk-11.0.16_8\bin\net.dll
0x00007ff9dca80000 - 0x00007ff9dcb8a000 	C:\Windows\SYSTEM32\WINHTTP.dll
0x00007ff9e4ef0000 - 0x00007ff9e4f5a000 	C:\Windows\system32\mswsock.dll
0x00007ff984230000 - 0x00007ff984243000 	C:\Program Files\OpenJDK\openjdk-11.0.16_8\bin\nio.dll

dbghelp: loaded successfully - version: 4.0.5 - missing functions: none
symbol engine: initialized successfully - sym options: 0x614 - pdb path: .;C:\Program Files\OpenJDK\openjdk-11.0.16_8\bin;C:\Windows\SYSTEM32;C:\Windows\WinSxS\amd64_microsoft.windows.common-controls_6595b64144ccf1df_6.0.19041.1110_none_60b5254171f9507e;C:\Program Files\OpenJDK\openjdk-11.0.16_8\bin\server

VM Arguments:
java_command: org.jetbrains.kotlin.cli.jvm.K2JVMCompiler @F:\AndroidRN\AAA\UI_UX-Example\UI_Image\node_modules\react-native-safe-area-context\android\build\20230405_13986856895524377203.compiler.options
java_class_path (initial): C:\Users\DT\.gradle\caches\modules-2\files-2.1\org.jetbrains.kotlin\kotlin-compiler-embeddable\1.6.20\18f66cca4301c12893ebe4ef47d65c3d9d2bff9b\kotlin-compiler-embeddable-1.6.20.jar;C:\Users\DT\.gradle\caches\modules-2\files-2.1\org.jetbrains.kotlin\kotlin-reflect\1.6.20\669965154723f1a712e8677af0cc5470dfdab81c\kotlin-reflect-1.6.20.jar;C:\Users\DT\.gradle\caches\modules-2\files-2.1\org.jetbrains.kotlin\kotlin-stdlib\1.6.20\6cedc143badbb4f1c6b7f5a340b04edff1743208\kotlin-stdlib-1.6.20.jar;C:\Users\DT\.gradle\caches\modules-2\files-2.1\org.jetbrains.kotlin\kotlin-script-runtime\1.6.20\a115c367e0fd9c8909293b208689afca0c88a6f1\kotlin-script-runtime-1.6.20.jar;C:\Users\DT\.gradle\caches\modules-2\files-2.1\org.jetbrains.kotlin\kotlin-daemon-embeddable\1.6.20\d4cac343029f48f106c57f457384771165d7deb5\kotlin-daemon-embeddable-1.6.20.jar;C:\Users\DT\.gradle\caches\modules-2\files-2.1\org.jetbrains.intellij.deps\trove4j\1.0.20200330\3afb14d5f9ceb459d724e907a21145e8ff394f02\trove4j-1.0.20200330.jar;C:\Users\DT\.gradle\caches\modules-2\files-2.1\net.java.dev.jna\jna\5.6.0\330f2244e9030119ab3030fc3fededc86713d9cc\jna-5.6.0.jar;C:\Users\DT\.gradle\caches\modules-2\files-2.1\org.jetbrains.kotlin\kotlin-stdlib-common\1.6.20\27b4562b6713d70f458c6d7ea39aadacb8e6a92b\kotlin-stdlib-common-1.6.20.jar;C:\Users\DT\.gradle\caches\modules-2\files-2.1\org.jetbrains\annotations\13.0\919f0dfe192fb4e063e7dacadee7f8bb9a2672a9\annotations-13.0.jar
Launcher Type: SUN_STANDARD

[Global flags]
     intx CICompilerCount                          = 3                                         {product} {ergonomic}
     uint ConcGCThreads                            = 1                                         {product} {ergonomic}
     uint G1ConcRefinementThreads                  = 4                                         {product} {ergonomic}
   size_t G1HeapRegionSize                         = 1048576                                   {product} {ergonomic}
    uintx GCDrainStackTargetSize                   = 64                                        {product} {ergonomic}
   size_t InitialHeapSize                          = 201326592                                 {product} {ergonomic}
   size_t MarkStackSize                            = 4194304                                   {product} {ergonomic}
   size_t MaxHeapSize                              = 3191865344                                {product} {ergonomic}
   size_t MaxNewSize                               = 1914699776                                {product} {ergonomic}
   size_t MinHeapDeltaBytes                        = 1048576                                   {product} {ergonomic}
    uintx NonNMethodCodeHeapSize                   = 5830732                                {pd product} {ergonomic}
    uintx NonProfiledCodeHeapSize                  = 122913754                              {pd product} {ergonomic}
    uintx ProfiledCodeHeapSize                     = 122913754                              {pd product} {ergonomic}
    uintx ReservedCodeCacheSize                    = 251658240                              {pd product} {ergonomic}
     bool SegmentedCodeCache                       = true                                      {product} {ergonomic}
     bool UseCompressedClassPointers               = true                                 {lp64_product} {ergonomic}
     bool UseCompressedOops                        = true                                 {lp64_product} {ergonomic}
     bool UseG1GC                                  = true                                      {product} {ergonomic}
     bool UseLargePagesIndividualAllocation        = false                                  {pd product} {ergonomic}

Logging:
Log output configuration:
 #0: stdout all=warning uptime,level,tags
 #1: stderr all=off uptime,level,tags

Environment Variables:
JAVA_HOME=C:\Program Files\OpenJDK\openjdk-11.0.16_8
CLASSPATH=F:\AndroidRN\AAA\UI_UX-Example\UI_Image\android\\gradle\wrapper\gradle-wrapper.jar
PATH=F:\AndroidRN\AAA\UI_UX-Example\UI_Image\android\node_modules\.bin;F:\AndroidRN\AAA\UI_UX-Example\UI_Image\node_modules\.bin;F:\AndroidRN\AAA\UI_UX-Example\node_modules\.bin;F:\AndroidRN\AAA\node_modules\.bin;F:\AndroidRN\node_modules\.bin;F:\node_modules\.bin;C:\Program Files\nodejs;F:\AndroidRN\AAA\UI_UX-Example\UI_Image\node_modules\.bin;F:\AndroidRN\AAA\UI_UX-Example\UI_Image\node_modules\.bin;F:\AndroidRN\AAA\UI_UX-Example\node_modules\.bin;F:\AndroidRN\AAA\node_modules\.bin;F:\AndroidRN\node_modules\.bin;F:\node_modules\.bin;C:\Program Files\nodejs\node_modules\npm\node_modules\@npmcli\run-script\lib\node-gyp-bin;C:\Program Files\Common Files\Oracle\Java\javapath;C:\ProgramData\Oracle\Java\javapath;C:\Windows\system32;C:\Windows;C:\Windows\System32\Wbem;C:\Windows\System32\WindowsPowerShell\v1.0\;C:\Windows\System32\OpenSSH\;C:\Program Files\Microsoft SQL Server\Client SDK\ODBC\170\Tools\Binn\;C:\Program Files\dotnet\;C:\Program Files (x86)\dotnet\;E:\AndroidStudioManager\flutter\bin;C:\Users\DT\AppData\Local\Programs\Python\Python310\Scripts;C:\Program Files (x86)\Microsoft Visual Studio\2019\Community\VC\Tools\MSVC\14.29.30133\bin\Hostx64\x64;C:\Program Files (x86)\Microsoft Visual Studio\2019\Community\VC\Tools\MSVC\14.29.30133\bin\Hostx64\x64;E:\Program Files\Git\cmd;C:\Users\DT\AppData\Roaming\npm;C:\ProgramData\chocolatey\bin;C:\Program Files\OpenJDK\openjdk-11.0.16_8\bin;E:\Android\flutter\bin;C:\Users\DT\AppData\Roaming\nvm;C:\Program Files\nodejs;C:\Program Files\nodejs\;C:\Users\DT\.console-ninja\.bin;C:\Program Files\Common Files\Oracle\Java\javapath;C:\ProgramData\Oracle\Java\javapath;C:\Windows\system32;C:\Windows;C:\Windows\System32\Wbem;C:\Windows\System32\WindowsPowerShell\v1.0\;C:\Windows\System32\OpenSSH\;C:\Program Files\Microsoft SQL Server\Client SDK\ODBC\170\Tools\Binn\;C:\Program Files (x86)\Microsoft SQL Server\150\Tools\Binn\;C:\Program Files\Microsoft SQL Server\150\Tools\Binn\;C:\Program Files\Microsoft SQL Server\150\DTS\Binn\;C:\P
USERNAME=DT
LANG=en_US.UTF-8
OS=Windows_NT
PROCESSOR_IDENTIFIER=Intel64 Family 6 Model 69 Stepping 1, GenuineIntel
TMP=C:\Users\DT\AppData\Local\Temp
TEMP=C:\Users\DT\AppData\Local\Temp



---------------  S Y S T E M  ---------------

OS: Windows 10 , 64 bit Build 19041 (10.0.19041.2546)
OS uptime: 0 days 1:56 hours

CPU:total 4 (initial active 4) (2 cores per cpu, 2 threads per core) family 6 model 69 stepping 1 microcode 0x25, cmov, cx8, fxsr, mmx, sse, sse2, sse3, ssse3, sse4.1, sse4.2, popcnt, avx, avx2, aes, clmul, erms, lzcnt, ht, tsc, tscinvbit, bmi1, bmi2, fma

Memory: 4k page, system-wide physical 12171M (849M free)
TotalPageFile size 14219M (AvailPageFile size 0M)
current process WorkingSet (physical memory assigned to process): 379M, peak: 379M
current process commit charge ("private bytes"): 434M, peak: 435M

vm_info: OpenJDK 64-Bit Server VM (11.0.16+8) for windows-amd64 JRE (11.0.16+8), built on Jul 17 2022 01:33:05 by "tester" with MS VC++ 15.9 (VS2017)

END.
