#
# There is insufficient memory for the Java Runtime Environment to continue.
# Native memory allocation (malloc) failed to allocate 1324176 bytes for Chunk::new
# Possible reasons:
#   The system is out of physical RAM or swap space
#   The process is running with CompressedOops enabled, and the Java Heap may be blocking the growth of the native heap
# Possible solutions:
#   Reduce memory load on the system
#   Increase physical memory or swap space
#   Check if swap backing store is full
#   Decrease Java heap size (-Xmx/-Xms)
#   Decrease number of Java threads
#   Decrease Java thread stack sizes (-Xss)
#   Set larger code cache with -XX:ReservedCodeCacheSize=
#   JVM is running with Unscaled Compressed Oops mode in which the Java heap is
#     placed in the first 4GB address space. The Java Heap base address is the
#     maximum limit for the native heap growth. Please use -XX:HeapBaseMinAddress
#     to set the Java Heap base and to place the Java Heap above 4GB virtual address.
# This output file may be truncated or incomplete.
#
#  Out of Memory Error (./src/hotspot/share/memory/arena.cpp:197), pid=11588, tid=12708
#
# JRE version: OpenJDK Runtime Environment 18.9 (11.0.16+8) (build 11.0.16+8)
# Java VM: OpenJDK 64-Bit Server VM 18.9 (11.0.16+8, mixed mode, tiered, compressed oops, g1 gc, windows-amd64)
# No core dump will be written. Minidumps are not enabled by default on client versions of Windows
#

---------------  S U M M A R Y ------------

Command Line: -XX:MaxMetaspaceSize=512m --add-opens=java.base/java.util=ALL-UNNAMED --add-opens=java.base/java.lang=ALL-UNNAMED --add-opens=java.base/java.lang.invoke=ALL-UNNAMED --add-opens=java.base/java.util=ALL-UNNAMED --add-opens=java.prefs/java.util.prefs=ALL-UNNAMED --add-opens=java.prefs/java.util.prefs=ALL-UNNAMED --add-opens=java.base/java.nio.charset=ALL-UNNAMED --add-opens=java.base/java.net=ALL-UNNAMED --add-opens=java.base/java.util.concurrent.atomic=ALL-UNNAMED -Xmx2048m -Dfile.encoding=utf8 -Duser.country=US -Duser.language=en -Duser.variant org.gradle.launcher.daemon.bootstrap.GradleDaemon 7.5.1

Host: Intel(R) Core(TM) i5-4210U CPU @ 1.70GHz, 4 cores, 11G,  Windows 10 , 64 bit Build 19041 (10.0.19041.2546)
Time: Wed Apr  5 15:25:35 2023 SE Asia Standard Time elapsed time: 65.948269 seconds (0d 0h 1m 5s)

---------------  T H R E A D  ---------------

Current thread (0x0000018cb8b00000):  JavaThread "C2 CompilerThread0" daemon [_thread_in_native, id=12708, stack(0x00000033d0c00000,0x00000033d0d00000)]


Current CompileTask:
C2:  65948 6372       4       org.gradle.internal.reflect.ClassInspector::inspectClass (179 bytes)

Stack: [0x00000033d0c00000,0x00000033d0d00000]
Native frames: (J=compiled Java code, j=interpreted, Vv=VM code, C=native code)
V  [jvm.dll+0x61a63a]
V  [jvm.dll+0x757439]
V  [jvm.dll+0x758b28]
V  [jvm.dll+0x759203]
V  [jvm.dll+0x24d9a8]
V  [jvm.dll+0xc148c]
V  [jvm.dll+0xc1a4c]
V  [jvm.dll+0x3570e2]
V  [jvm.dll+0x323373]
V  [jvm.dll+0x3226aa]
V  [jvm.dll+0x206db5]
V  [jvm.dll+0x205edd]
V  [jvm.dll+0x187ec1]
V  [jvm.dll+0x2156a4]
V  [jvm.dll+0x2138eb]
V  [jvm.dll+0x71a000]
V  [jvm.dll+0x712f34]
V  [jvm.dll+0x6194a5]
C  [ucrtbase.dll+0x21bb2]
C  [KERNEL32.DLL+0x17614]
C  [ntdll.dll+0x526a1]


---------------  P R O C E S S  ---------------

Threads class SMR info:
_java_thread_list=0x0000018cba2195a0, length=75, elements={
0x0000018c9a282800, 0x0000018cb8ad4800, 0x0000018cb8ae0000, 0x0000018cb9453800,
0x0000018cb8af9000, 0x0000018cb8afd800, 0x0000018cb8b00000, 0x0000018cb8b05000,
0x0000018cb8b09000, 0x0000018cb95b4000, 0x0000018cbb64e000, 0x0000018cbb4ad000,
0x0000018cbb882000, 0x0000018cba10a000, 0x0000018cbbd4b000, 0x0000018cbb285800,
0x0000018cbb53b800, 0x0000018cbaca0000, 0x0000018cbb214800, 0x0000018cba55f000,
0x0000018cba561000, 0x0000018cba561800, 0x0000018cba565800, 0x0000018cba562800,
0x0000018cba563800, 0x0000018cba560000, 0x0000018cba564000, 0x0000018cba565000,
0x0000018cbb7e7000, 0x0000018cbb7e4800, 0x0000018cbb7e3000, 0x0000018cbb7e4000,
0x0000018cbb7e5800, 0x0000018cbb7e1800, 0x0000018cbb7e2800, 0x0000018cbb7eb000,
0x0000018cbb7ea800, 0x0000018cbb7e9800, 0x0000018cbb7ec000, 0x0000018cbb7ed000,
0x0000018cbb7ed800, 0x0000018cbb7e8000, 0x0000018cbb7ee800, 0x0000018cbb7e9000,
0x0000018cbb7ef800, 0x0000018cbb7f0000, 0x0000018cc09cf800, 0x0000018cc09d2000,
0x0000018cc09cf000, 0x0000018cc09cc800, 0x0000018cc09d3000, 0x0000018cc09d0800,
0x0000018cc09d1000, 0x0000018cc09cd000, 0x0000018cc09ce000, 0x0000018cc09d4800,
0x0000018cc09d7000, 0x0000018cc09d8000, 0x0000018cc09d8800, 0x0000018cc09d9800,
0x0000018cc09d3800, 0x0000018cc09db000, 0x0000018cc09da000, 0x0000018cc09d5800,
0x0000018cc09d6000, 0x0000018cbee0f800, 0x0000018cbee0b800, 0x0000018cbee0c000,
0x0000018cbee0d000, 0x0000018cbee0e000, 0x0000018cbee09800, 0x0000018cbee0e800,
0x0000018cbee10000, 0x0000018cbee0a800, 0x0000018cbc60c000
}

Java Threads: ( => current thread )
  0x0000018c9a282800 JavaThread "main" [_thread_blocked, id=9120, stack(0x00000033d0000000,0x00000033d0100000)]
  0x0000018cb8ad4800 JavaThread "Reference Handler" daemon [_thread_blocked, id=8852, stack(0x00000033d0700000,0x00000033d0800000)]
  0x0000018cb8ae0000 JavaThread "Finalizer" daemon [_thread_blocked, id=8472, stack(0x00000033d0800000,0x00000033d0900000)]
  0x0000018cb9453800 JavaThread "Signal Dispatcher" daemon [_thread_blocked, id=11016, stack(0x00000033d0900000,0x00000033d0a00000)]
  0x0000018cb8af9000 JavaThread "Attach Listener" daemon [_thread_blocked, id=7592, stack(0x00000033d0a00000,0x00000033d0b00000)]
  0x0000018cb8afd800 JavaThread "Service Thread" daemon [_thread_blocked, id=4432, stack(0x00000033d0b00000,0x00000033d0c00000)]
=>0x0000018cb8b00000 JavaThread "C2 CompilerThread0" daemon [_thread_in_native, id=12708, stack(0x00000033d0c00000,0x00000033d0d00000)]
  0x0000018cb8b05000 JavaThread "C1 CompilerThread0" daemon [_thread_blocked, id=12004, stack(0x00000033d0d00000,0x00000033d0e00000)]
  0x0000018cb8b09000 JavaThread "Sweeper thread" daemon [_thread_blocked, id=9792, stack(0x00000033d0e00000,0x00000033d0f00000)]
  0x0000018cb95b4000 JavaThread "Common-Cleaner" daemon [_thread_blocked, id=8608, stack(0x00000033d0f00000,0x00000033d1000000)]
  0x0000018cbb64e000 JavaThread "Daemon health stats" [_thread_blocked, id=12488, stack(0x00000033d1500000,0x00000033d1600000)]
  0x0000018cbb4ad000 JavaThread "Incoming local TCP Connector on port 52827" [_thread_in_native, id=14452, stack(0x00000033d1100000,0x00000033d1200000)]
  0x0000018cbb882000 JavaThread "Daemon periodic checks" [_thread_blocked, id=492, stack(0x00000033d1600000,0x00000033d1700000)]
  0x0000018cba10a000 JavaThread "Daemon" [_thread_blocked, id=11684, stack(0x00000033d1700000,0x00000033d1800000)]
  0x0000018cbbd4b000 JavaThread "Handler for socket connection from /127.0.0.1:52827 to /127.0.0.1:52828" [_thread_in_native, id=9700, stack(0x00000033d1800000,0x00000033d1900000)]
  0x0000018cbb285800 JavaThread "Cancel handler" [_thread_blocked, id=5144, stack(0x00000033d1900000,0x00000033d1a00000)]
  0x0000018cbb53b800 JavaThread "Daemon worker" [_thread_in_Java, id=12636, stack(0x00000033d1a00000,0x00000033d1b00000)]
  0x0000018cbaca0000 JavaThread "Asynchronous log dispatcher for DefaultDaemonConnection: socket connection from /127.0.0.1:52827 to /127.0.0.1:52828" [_thread_blocked, id=8820, stack(0x00000033d1b00000,0x00000033d1c00000)]
  0x0000018cbb214800 JavaThread "Daemon client event forwarder" [_thread_blocked, id=8408, stack(0x00000033d1d00000,0x00000033d1e00000)]
  0x0000018cba55f000 JavaThread "Cache worker for journal cache (C:\Users\DT\.gradle\caches\journal-1)" [_thread_blocked, id=13500, stack(0x00000033d1e00000,0x00000033d1f00000)]
  0x0000018cba561000 JavaThread "File lock request listener" [_thread_in_native, id=10776, stack(0x00000033d1f00000,0x00000033d2000000)]
  0x0000018cba561800 JavaThread "Cache worker for file hash cache (C:\Users\DT\.gradle\caches\7.5.1\fileHashes)" [_thread_blocked, id=1344, stack(0x00000033d2000000,0x00000033d2100000)]
  0x0000018cba565800 JavaThread "File watcher server" daemon [_thread_in_native, id=3488, stack(0x00000033d2200000,0x00000033d2300000)]
  0x0000018cba562800 JavaThread "File watcher consumer" daemon [_thread_blocked, id=10948, stack(0x00000033d2100000,0x00000033d2200000)]
  0x0000018cba563800 JavaThread "Cache worker for checksums cache (F:\AndroidRN\AAA\UI_UX-Example\UI_Image\android\.gradle\7.5.1\checksums)" [_thread_blocked, id=9412, stack(0x00000033d2300000,0x00000033d2400000)]
  0x0000018cba560000 JavaThread "Cache worker for cache directory md-rule (C:\Users\DT\.gradle\caches\7.5.1\md-rule)" [_thread_blocked, id=7224, stack(0x00000033d2400000,0x00000033d2500000)]
  0x0000018cba564000 JavaThread "Cache worker for file content cache (C:\Users\DT\.gradle\caches\7.5.1\fileContent)" [_thread_blocked, id=9840, stack(0x00000033d2500000,0x00000033d2600000)]
  0x0000018cba565000 JavaThread "Cache worker for file hash cache (F:\AndroidRN\AAA\UI_UX-Example\UI_Image\android\.gradle\7.5.1\fileHashes)" [_thread_blocked, id=10800, stack(0x00000033d2600000,0x00000033d2700000)]
  0x0000018cbb7e7000 JavaThread "Cache worker for cache directory md-supplier (C:\Users\DT\.gradle\caches\7.5.1\md-supplier)" [_thread_blocked, id=15220, stack(0x00000033d2700000,0x00000033d2800000)]
  0x0000018cbb7e4800 JavaThread "Cache worker for execution history cache (C:\Users\DT\.gradle\caches\7.5.1\executionHistory)" [_thread_blocked, id=14428, stack(0x00000033d2800000,0x00000033d2900000)]
  0x0000018cbb7e3000 JavaThread "jar transforms" [_thread_blocked, id=10460, stack(0x00000033d2900000,0x00000033d2a00000)]
  0x0000018cbb7e4000 JavaThread "jar transforms Thread 2" [_thread_blocked, id=3660, stack(0x00000033d2a00000,0x00000033d2b00000)]
  0x0000018cbb7e5800 JavaThread "jar transforms Thread 3" [_thread_blocked, id=1904, stack(0x00000033d2c00000,0x00000033d2d00000)]
  0x0000018cbb7e1800 JavaThread "jar transforms Thread 4" [_thread_blocked, id=5636, stack(0x00000033d2d00000,0x00000033d2e00000)]
  0x0000018cbb7e2800 JavaThread "Cache worker for kotlin-dsl (C:\Users\DT\.gradle\caches\7.5.1\kotlin-dsl)" [_thread_blocked, id=15940, stack(0x00000033d3000000,0x00000033d3100000)]
  0x0000018cbb7eb000 JavaThread "Cache worker for dependencies-accessors (F:\AndroidRN\AAA\UI_UX-Example\UI_Image\android\.gradle\7.5.1\dependencies-accessors)" [_thread_blocked, id=16084, stack(0x00000033d2f00000,0x00000033d3000000)]
  0x0000018cbb7ea800 JavaThread "File lock release action executor" [_thread_blocked, id=16228, stack(0x00000033d3100000,0x00000033d3200000)]
  0x0000018cbb7e9800 JavaThread "Cache worker for Build Output Cleanup Cache (F:\AndroidRN\AAA\UI_UX-Example\UI_Image\node_modules\react-native-gradle-plugin\.gradle\buildOutputCleanup)" [_thread_blocked, id=8576, stack(0x00000033d3200000,0x00000033d3300000)]
  0x0000018cbb7ec000 JavaThread "Unconstrained build operations" [_thread_blocked, id=15772, stack(0x00000033d3300000,0x00000033d3400000)]
  0x0000018cbb7ed000 JavaThread "Unconstrained build operations Thread 2" [_thread_blocked, id=15676, stack(0x00000033d3400000,0x00000033d3500000)]
  0x0000018cbb7ed800 JavaThread "Unconstrained build operations Thread 3" [_thread_blocked, id=15652, stack(0x00000033d3500000,0x00000033d3600000)]
  0x0000018cbb7e8000 JavaThread "Unconstrained build operations Thread 4" [_thread_blocked, id=15656, stack(0x00000033d3600000,0x00000033d3700000)]
  0x0000018cbb7ee800 JavaThread "Unconstrained build operations Thread 5" [_thread_blocked, id=15660, stack(0x00000033d3700000,0x00000033d3800000)]
  0x0000018cbb7e9000 JavaThread "Unconstrained build operations Thread 6" [_thread_blocked, id=15648, stack(0x00000033d3800000,0x00000033d3900000)]
  0x0000018cbb7ef800 JavaThread "Unconstrained build operations Thread 7" [_thread_blocked, id=15640, stack(0x00000033d3900000,0x00000033d3a00000)]
  0x0000018cbb7f0000 JavaThread "Unconstrained build operations Thread 8" [_thread_blocked, id=15636, stack(0x00000033d3a00000,0x00000033d3b00000)]
  0x0000018cc09cf800 JavaThread "Unconstrained build operations Thread 9" [_thread_blocked, id=15632, stack(0x00000033d3b00000,0x00000033d3c00000)]
  0x0000018cc09d2000 JavaThread "Unconstrained build operations Thread 10" [_thread_blocked, id=11520, stack(0x00000033d3c00000,0x00000033d3d00000)]
  0x0000018cc09cf000 JavaThread "Unconstrained build operations Thread 11" [_thread_blocked, id=14768, stack(0x00000033d3d00000,0x00000033d3e00000)]
  0x0000018cc09cc800 JavaThread "Unconstrained build operations Thread 12" [_thread_blocked, id=9288, stack(0x00000033d3e00000,0x00000033d3f00000)]
  0x0000018cc09d3000 JavaThread "Unconstrained build operations Thread 13" [_thread_blocked, id=1144, stack(0x00000033d3f00000,0x00000033d4000000)]
  0x0000018cc09d0800 JavaThread "Unconstrained build operations Thread 14" [_thread_blocked, id=1212, stack(0x00000033d4000000,0x00000033d4100000)]
  0x0000018cc09d1000 JavaThread "Unconstrained build operations Thread 15" [_thread_blocked, id=4892, stack(0x00000033d4100000,0x00000033d4200000)]
  0x0000018cc09cd000 JavaThread "Unconstrained build operations Thread 16" [_thread_blocked, id=9360, stack(0x00000033d4200000,0x00000033d4300000)]
  0x0000018cc09ce000 JavaThread "Unconstrained build operations Thread 17" [_thread_blocked, id=4596, stack(0x00000033d4300000,0x00000033d4400000)]
  0x0000018cc09d4800 JavaThread "Unconstrained build operations Thread 18" [_thread_blocked, id=13764, stack(0x00000033d4400000,0x00000033d4500000)]
  0x0000018cc09d7000 JavaThread "Unconstrained build operations Thread 19" [_thread_blocked, id=6488, stack(0x00000033d4500000,0x00000033d4600000)]
  0x0000018cc09d8000 JavaThread "Unconstrained build operations Thread 20" [_thread_blocked, id=7552, stack(0x00000033d4600000,0x00000033d4700000)]
  0x0000018cc09d8800 JavaThread "Unconstrained build operations Thread 21" [_thread_blocked, id=7772, stack(0x00000033d4700000,0x00000033d4800000)]
  0x0000018cc09d9800 JavaThread "Unconstrained build operations Thread 22" [_thread_blocked, id=4256, stack(0x00000033d4800000,0x00000033d4900000)]
  0x0000018cc09d3800 JavaThread "Unconstrained build operations Thread 23" [_thread_blocked, id=11824, stack(0x00000033d4900000,0x00000033d4a00000)]
  0x0000018cc09db000 JavaThread "Unconstrained build operations Thread 24" [_thread_blocked, id=7748, stack(0x00000033d4a00000,0x00000033d4b00000)]
  0x0000018cc09da000 JavaThread "Unconstrained build operations Thread 25" [_thread_blocked, id=4888, stack(0x00000033d4b00000,0x00000033d4c00000)]
  0x0000018cc09d5800 JavaThread "Unconstrained build operations Thread 26" [_thread_blocked, id=12508, stack(0x00000033d4c00000,0x00000033d4d00000)]
  0x0000018cc09d6000 JavaThread "Unconstrained build operations Thread 27" [_thread_blocked, id=14460, stack(0x00000033d4d00000,0x00000033d4e00000)]
  0x0000018cbee0f800 JavaThread "Unconstrained build operations Thread 28" [_thread_blocked, id=10484, stack(0x00000033d4e00000,0x00000033d4f00000)]
  0x0000018cbee0b800 JavaThread "Unconstrained build operations Thread 29" [_thread_blocked, id=15800, stack(0x00000033d4f00000,0x00000033d5000000)]
  0x0000018cbee0c000 JavaThread "Unconstrained build operations Thread 30" [_thread_blocked, id=2460, stack(0x00000033d5000000,0x00000033d5100000)]
  0x0000018cbee0d000 JavaThread "Unconstrained build operations Thread 31" [_thread_blocked, id=14856, stack(0x00000033d5100000,0x00000033d5200000)]
  0x0000018cbee0e000 JavaThread "Unconstrained build operations Thread 32" [_thread_blocked, id=1468, stack(0x00000033d5200000,0x00000033d5300000)]
  0x0000018cbee09800 JavaThread "Unconstrained build operations Thread 33" [_thread_blocked, id=3948, stack(0x00000033d5300000,0x00000033d5400000)]
  0x0000018cbee0e800 JavaThread "build event listener" [_thread_blocked, id=15996, stack(0x00000033d5400000,0x00000033d5500000)]
  0x0000018cbee10000 JavaThread "Memory manager" [_thread_blocked, id=15960, stack(0x00000033d5500000,0x00000033d5600000)]
  0x0000018cbee0a800 JavaThread "Cache worker for Build Output Cleanup Cache (F:\AndroidRN\AAA\UI_UX-Example\UI_Image\android\.gradle\buildOutputCleanup)" [_thread_blocked, id=14324, stack(0x00000033cfe00000,0x00000033cff00000)]
  0x0000018cbc60c000 JavaThread "C2 CompilerThread1" daemon [_thread_in_native, id=13980, stack(0x00000033cfd00000,0x00000033cfe00000)]

Other Threads:
  0x0000018cb8ad2800 VMThread "VM Thread" [stack: 0x00000033d0600000,0x00000033d0700000] [id=14400]
  0x0000018cb95c2000 WatcherThread [stack: 0x00000033d1000000,0x00000033d1100000] [id=3100]
  0x0000018c9a29b000 GCTaskThread "GC Thread#0" [stack: 0x00000033d0100000,0x00000033d0200000] [id=15132]
  0x0000018cb9a65000 GCTaskThread "GC Thread#1" [stack: 0x00000033d1200000,0x00000033d1300000] [id=11804]
  0x0000018cb9808800 GCTaskThread "GC Thread#2" [stack: 0x00000033d1300000,0x00000033d1400000] [id=13448]
  0x0000018cb9c41800 GCTaskThread "GC Thread#3" [stack: 0x00000033d1400000,0x00000033d1500000] [id=8268]
  0x0000018c9a2cc800 ConcurrentGCThread "G1 Main Marker" [stack: 0x00000033d0200000,0x00000033d0300000] [id=7260]
  0x0000018c9a2cd800 ConcurrentGCThread "G1 Conc#0" [stack: 0x00000033d0300000,0x00000033d0400000] [id=10908]
  0x0000018c9a35e800 ConcurrentGCThread "G1 Refine#0" [stack: 0x00000033d0400000,0x00000033d0500000] [id=11184]
  0x0000018cb8942800 ConcurrentGCThread "G1 Young RemSet Sampling" [stack: 0x00000033d0500000,0x00000033d0600000] [id=3304]

Threads with active compile tasks:
C2 CompilerThread0    66003 6372       4       org.gradle.internal.reflect.ClassInspector::inspectClass (179 bytes)
C2 CompilerThread1    66003 6330 %     4       org.gradle.internal.instantiation.generator.AbstractClassGenerator::inspectType @ 431 (560 bytes)

VM state:not at safepoint (normal execution)

VM Mutex/Monitor currently owned by a thread: None

Heap address: 0x0000000080000000, size: 2048 MB, Compressed Oops mode: 32-bit
Narrow klass base: 0x0000000000000000, Narrow klass shift: 3
Compressed class space size: 528482304 Address: 0x0000000100000000

Heap:
 garbage-first heap   total 196608K, used 59636K [0x0000000080000000, 0x0000000100000000)
  region size 1024K, 23 young (23552K), 11 survivors (11264K)
 Metaspace       used 65945K, capacity 68095K, committed 68304K, reserved 575488K
  class space    used 8612K, capacity 9414K, committed 9548K, reserved 516096K
Heap Regions: E=young(eden), S=young(survivor), O=old, HS=humongous(starts), HC=humongous(continues), CS=collection set, F=free, A=archive, TAMS=top-at-mark-start (previous, next)
|   0|0x0000000080000000, 0x0000000080100000, 0x0000000080100000|100%|HS|  |TAMS 0x0000000080100000, 0x0000000080000000| Complete 
|   1|0x0000000080100000, 0x0000000080200000, 0x0000000080200000|100%|HC|  |TAMS 0x0000000080200000, 0x0000000080100000| Complete 
|   2|0x0000000080200000, 0x0000000080300000, 0x0000000080300000|100%|HC|  |TAMS 0x0000000080300000, 0x0000000080200000| Complete 
|   3|0x0000000080300000, 0x0000000080400000, 0x0000000080400000|100%| O|  |TAMS 0x0000000080400000, 0x0000000080300000| Untracked 
|   4|0x0000000080400000, 0x0000000080500000, 0x0000000080500000|100%| O|  |TAMS 0x0000000080500000, 0x0000000080400000| Untracked 
|   5|0x0000000080500000, 0x0000000080600000, 0x0000000080600000|100%| O|  |TAMS 0x0000000080600000, 0x0000000080500000| Untracked 
|   6|0x0000000080600000, 0x0000000080700000, 0x0000000080700000|100%| O|  |TAMS 0x0000000080700000, 0x0000000080600000| Untracked 
|   7|0x0000000080700000, 0x0000000080800000, 0x0000000080800000|100%| O|  |TAMS 0x0000000080800000, 0x0000000080700000| Untracked 
|   8|0x0000000080800000, 0x0000000080900000, 0x0000000080900000|100%| O|  |TAMS 0x0000000080900000, 0x0000000080800000| Untracked 
|   9|0x0000000080900000, 0x0000000080a00000, 0x0000000080a00000|100%| O|  |TAMS 0x0000000080a00000, 0x0000000080900000| Untracked 
|  10|0x0000000080a00000, 0x0000000080b00000, 0x0000000080b00000|100%| O|  |TAMS 0x0000000080b00000, 0x0000000080a00000| Untracked 
|  11|0x0000000080b00000, 0x0000000080c00000, 0x0000000080c00000|100%| O|  |TAMS 0x0000000080c00000, 0x0000000080b00000| Untracked 
|  12|0x0000000080c00000, 0x0000000080d00000, 0x0000000080d00000|100%| O|  |TAMS 0x0000000080d00000, 0x0000000080c00000| Untracked 
|  13|0x0000000080d00000, 0x0000000080e00000, 0x0000000080e00000|100%| O|  |TAMS 0x0000000080e00000, 0x0000000080d00000| Untracked 
|  14|0x0000000080e00000, 0x0000000080f00000, 0x0000000080f00000|100%| O|  |TAMS 0x0000000080f00000, 0x0000000080e00000| Untracked 
|  15|0x0000000080f00000, 0x0000000081000000, 0x0000000081000000|100%| O|  |TAMS 0x0000000081000000, 0x0000000080f00000| Untracked 
|  16|0x0000000081000000, 0x0000000081100000, 0x0000000081100000|100%| O|  |TAMS 0x0000000081100000, 0x0000000081000000| Untracked 
|  17|0x0000000081100000, 0x0000000081200000, 0x0000000081200000|100%| O|  |TAMS 0x0000000081200000, 0x0000000081100000| Untracked 
|  18|0x0000000081200000, 0x0000000081300000, 0x0000000081300000|100%| O|  |TAMS 0x0000000081300000, 0x0000000081200000| Untracked 
|  19|0x0000000081300000, 0x0000000081400000, 0x0000000081400000|100%| O|  |TAMS 0x0000000081400000, 0x0000000081300000| Untracked 
|  20|0x0000000081400000, 0x0000000081500000, 0x0000000081500000|100%| O|  |TAMS 0x0000000081500000, 0x0000000081400000| Untracked 
|  21|0x0000000081500000, 0x0000000081600000, 0x0000000081600000|100%| O|  |TAMS 0x0000000081600000, 0x0000000081500000| Untracked 
|  22|0x0000000081600000, 0x0000000081700000, 0x0000000081700000|100%| O|  |TAMS 0x0000000081700000, 0x0000000081600000| Untracked 
|  23|0x0000000081700000, 0x0000000081800000, 0x0000000081800000|100%| O|  |TAMS 0x0000000081800000, 0x0000000081700000| Untracked 
|  24|0x0000000081800000, 0x0000000081900000, 0x0000000081900000|100%| O|  |TAMS 0x0000000081900000, 0x0000000081800000| Untracked 
|  25|0x0000000081900000, 0x0000000081a00000, 0x0000000081a00000|100%| O|  |TAMS 0x0000000081a00000, 0x0000000081900000| Untracked 
|  26|0x0000000081a00000, 0x0000000081b00000, 0x0000000081b00000|100%| O|  |TAMS 0x0000000081b00000, 0x0000000081a00000| Untracked 
|  27|0x0000000081b00000, 0x0000000081c00000, 0x0000000081c00000|100%| O|  |TAMS 0x0000000081c00000, 0x0000000081b00000| Untracked 
|  28|0x0000000081c00000, 0x0000000081d00000, 0x0000000081d00000|100%| O|  |TAMS 0x0000000081cd7400, 0x0000000081c00000| Untracked 
|  29|0x0000000081d00000, 0x0000000081e00000, 0x0000000081e00000|100%|HS|  |TAMS 0x0000000081e00000, 0x0000000081d00000| Complete 
|  30|0x0000000081e00000, 0x0000000081f00000, 0x0000000081f00000|100%|HS|  |TAMS 0x0000000081f00000, 0x0000000081e00000| Complete 
|  31|0x0000000081f00000, 0x0000000082000000, 0x0000000082000000|100%|HC|  |TAMS 0x0000000082000000, 0x0000000081f00000| Complete 
|  32|0x0000000082000000, 0x0000000082100000, 0x0000000082100000|100%|HC|  |TAMS 0x0000000082100000, 0x0000000082000000| Complete 
|  33|0x0000000082100000, 0x0000000082200000, 0x0000000082200000|100%| O|  |TAMS 0x0000000082100000, 0x0000000082100000| Untracked 
|  34|0x0000000082200000, 0x0000000082300000, 0x0000000082300000|100%| O|  |TAMS 0x0000000082200000, 0x0000000082200000| Untracked 
|  35|0x0000000082300000, 0x0000000082400000, 0x0000000082400000|100%| O|  |TAMS 0x0000000082300000, 0x0000000082300000| Untracked 
|  36|0x0000000082400000, 0x000000008248dc00, 0x0000000082500000| 55%| O|  |TAMS 0x0000000082400000, 0x0000000082400000| Untracked 
|  37|0x0000000082500000, 0x0000000082500000, 0x0000000082600000|  0%| F|  |TAMS 0x0000000082500000, 0x0000000082500000| Untracked 
|  38|0x0000000082600000, 0x0000000082600000, 0x0000000082700000|  0%| F|  |TAMS 0x0000000082600000, 0x0000000082600000| Untracked 
|  39|0x0000000082700000, 0x0000000082700000, 0x0000000082800000|  0%| F|  |TAMS 0x0000000082700000, 0x0000000082700000| Untracked 
|  40|0x0000000082800000, 0x0000000082800000, 0x0000000082900000|  0%| F|  |TAMS 0x0000000082800000, 0x0000000082800000| Untracked 
|  41|0x0000000082900000, 0x0000000082900000, 0x0000000082a00000|  0%| F|  |TAMS 0x0000000082900000, 0x0000000082900000| Untracked 
|  42|0x0000000082a00000, 0x0000000082a00000, 0x0000000082b00000|  0%| F|  |TAMS 0x0000000082a00000, 0x0000000082a00000| Untracked 
|  43|0x0000000082b00000, 0x0000000082b00000, 0x0000000082c00000|  0%| F|  |TAMS 0x0000000082b00000, 0x0000000082b00000| Untracked 
|  44|0x0000000082c00000, 0x0000000082c00000, 0x0000000082d00000|  0%| F|  |TAMS 0x0000000082c00000, 0x0000000082c00000| Untracked 
|  45|0x0000000082d00000, 0x0000000082d00000, 0x0000000082e00000|  0%| F|  |TAMS 0x0000000082d00000, 0x0000000082d00000| Untracked 
|  46|0x0000000082e00000, 0x0000000082e00000, 0x0000000082f00000|  0%| F|  |TAMS 0x0000000082e00000, 0x0000000082e00000| Untracked 
|  47|0x0000000082f00000, 0x0000000082f00000, 0x0000000083000000|  0%| F|  |TAMS 0x0000000082f00000, 0x0000000082f00000| Untracked 
|  48|0x0000000083000000, 0x0000000083000000, 0x0000000083100000|  0%| F|  |TAMS 0x0000000083000000, 0x0000000083000000| Untracked 
|  49|0x0000000083100000, 0x0000000083100000, 0x0000000083200000|  0%| F|  |TAMS 0x0000000083100000, 0x0000000083100000| Untracked 
|  50|0x0000000083200000, 0x0000000083200000, 0x0000000083300000|  0%| F|  |TAMS 0x0000000083200000, 0x0000000083200000| Untracked 
|  51|0x0000000083300000, 0x0000000083300000, 0x0000000083400000|  0%| F|  |TAMS 0x0000000083300000, 0x0000000083300000| Untracked 
|  52|0x0000000083400000, 0x0000000083400000, 0x0000000083500000|  0%| F|  |TAMS 0x0000000083400000, 0x0000000083400000| Untracked 
|  53|0x0000000083500000, 0x0000000083500000, 0x0000000083600000|  0%| F|  |TAMS 0x0000000083500000, 0x0000000083500000| Untracked 
|  54|0x0000000083600000, 0x0000000083600000, 0x0000000083700000|  0%| F|  |TAMS 0x0000000083600000, 0x0000000083600000| Untracked 
|  55|0x0000000083700000, 0x0000000083700000, 0x0000000083800000|  0%| F|  |TAMS 0x0000000083700000, 0x0000000083700000| Untracked 
|  56|0x0000000083800000, 0x0000000083800000, 0x0000000083900000|  0%| F|  |TAMS 0x0000000083800000, 0x0000000083800000| Untracked 
|  57|0x0000000083900000, 0x0000000083900000, 0x0000000083a00000|  0%| F|  |TAMS 0x0000000083900000, 0x0000000083900000| Untracked 
|  58|0x0000000083a00000, 0x0000000083a00000, 0x0000000083b00000|  0%| F|  |TAMS 0x0000000083a00000, 0x0000000083a00000| Untracked 
|  59|0x0000000083b00000, 0x0000000083b00000, 0x0000000083c00000|  0%| F|  |TAMS 0x0000000083b00000, 0x0000000083b00000| Untracked 
|  60|0x0000000083c00000, 0x0000000083c00000, 0x0000000083d00000|  0%| F|  |TAMS 0x0000000083c00000, 0x0000000083c00000| Untracked 
|  61|0x0000000083d00000, 0x0000000083d00000, 0x0000000083e00000|  0%| F|  |TAMS 0x0000000083d00000, 0x0000000083d00000| Untracked 
|  62|0x0000000083e00000, 0x0000000083e00000, 0x0000000083f00000|  0%| F|  |TAMS 0x0000000083e00000, 0x0000000083e00000| Untracked 
|  63|0x0000000083f00000, 0x0000000083f00000, 0x0000000084000000|  0%| F|  |TAMS 0x0000000083f00000, 0x0000000083f00000| Untracked 
|  64|0x0000000084000000, 0x0000000084000000, 0x0000000084100000|  0%| F|  |TAMS 0x0000000084000000, 0x0000000084000000| Untracked 
|  65|0x0000000084100000, 0x0000000084100000, 0x0000000084200000|  0%| F|  |TAMS 0x0000000084100000, 0x0000000084100000| Untracked 
|  66|0x0000000084200000, 0x00000000842af6a0, 0x0000000084300000| 68%| S|CS|TAMS 0x0000000084200000, 0x0000000084200000| Complete 
|  67|0x0000000084300000, 0x0000000084400000, 0x0000000084400000|100%| S|CS|TAMS 0x0000000084300000, 0x0000000084300000| Complete 
|  68|0x0000000084400000, 0x0000000084500000, 0x0000000084500000|100%| S|CS|TAMS 0x0000000084400000, 0x0000000084400000| Complete 
|  69|0x0000000084500000, 0x0000000084600000, 0x0000000084600000|100%| S|CS|TAMS 0x0000000084500000, 0x0000000084500000| Complete 
|  70|0x0000000084600000, 0x0000000084700000, 0x0000000084700000|100%| S|CS|TAMS 0x0000000084600000, 0x0000000084600000| Complete 
|  71|0x0000000084700000, 0x0000000084800000, 0x0000000084800000|100%| S|CS|TAMS 0x0000000084700000, 0x0000000084700000| Complete 
|  72|0x0000000084800000, 0x0000000084900000, 0x0000000084900000|100%| S|CS|TAMS 0x0000000084800000, 0x0000000084800000| Complete 
|  73|0x0000000084900000, 0x0000000084a00000, 0x0000000084a00000|100%| S|CS|TAMS 0x0000000084900000, 0x0000000084900000| Complete 
|  74|0x0000000084a00000, 0x0000000084b00000, 0x0000000084b00000|100%| S|CS|TAMS 0x0000000084a00000, 0x0000000084a00000| Complete 
|  75|0x0000000084b00000, 0x0000000084c00000, 0x0000000084c00000|100%| S|CS|TAMS 0x0000000084b00000, 0x0000000084b00000| Complete 
|  76|0x0000000084c00000, 0x0000000084d00000, 0x0000000084d00000|100%| S|CS|TAMS 0x0000000084c00000, 0x0000000084c00000| Complete 
|  77|0x0000000084d00000, 0x0000000084d00000, 0x0000000084e00000|  0%| F|  |TAMS 0x0000000084d00000, 0x0000000084d00000| Untracked 
|  78|0x0000000084e00000, 0x0000000084e00000, 0x0000000084f00000|  0%| F|  |TAMS 0x0000000084e00000, 0x0000000084e00000| Untracked 
|  79|0x0000000084f00000, 0x0000000084f00000, 0x0000000085000000|  0%| F|  |TAMS 0x0000000084f00000, 0x0000000084f00000| Untracked 
|  80|0x0000000085000000, 0x0000000085000000, 0x0000000085100000|  0%| F|  |TAMS 0x0000000085000000, 0x0000000085000000| Untracked 
|  81|0x0000000085100000, 0x0000000085100000, 0x0000000085200000|  0%| F|  |TAMS 0x0000000085100000, 0x0000000085100000| Untracked 
|  82|0x0000000085200000, 0x0000000085200000, 0x0000000085300000|  0%| F|  |TAMS 0x0000000085200000, 0x0000000085200000| Untracked 
|  83|0x0000000085300000, 0x0000000085300000, 0x0000000085400000|  0%| F|  |TAMS 0x0000000085300000, 0x0000000085300000| Untracked 
|  84|0x0000000085400000, 0x0000000085400000, 0x0000000085500000|  0%| F|  |TAMS 0x0000000085400000, 0x0000000085400000| Untracked 
|  85|0x0000000085500000, 0x0000000085500000, 0x0000000085600000|  0%| F|  |TAMS 0x0000000085500000, 0x0000000085500000| Untracked 
|  86|0x0000000085600000, 0x0000000085600000, 0x0000000085700000|  0%| F|  |TAMS 0x0000000085600000, 0x0000000085600000| Untracked 
|  87|0x0000000085700000, 0x0000000085700000, 0x0000000085800000|  0%| F|  |TAMS 0x0000000085700000, 0x0000000085700000| Untracked 
|  88|0x0000000085800000, 0x0000000085800000, 0x0000000085900000|  0%| F|  |TAMS 0x0000000085800000, 0x0000000085800000| Untracked 
|  89|0x0000000085900000, 0x0000000085900000, 0x0000000085a00000|  0%| F|  |TAMS 0x0000000085900000, 0x0000000085900000| Untracked 
|  90|0x0000000085a00000, 0x0000000085a00000, 0x0000000085b00000|  0%| F|  |TAMS 0x0000000085a00000, 0x0000000085a00000| Untracked 
|  91|0x0000000085b00000, 0x0000000085b00000, 0x0000000085c00000|  0%| F|  |TAMS 0x0000000085b00000, 0x0000000085b00000| Untracked 
|  92|0x0000000085c00000, 0x0000000085c00000, 0x0000000085d00000|  0%| F|  |TAMS 0x0000000085c00000, 0x0000000085c00000| Untracked 
|  93|0x0000000085d00000, 0x0000000085d00000, 0x0000000085e00000|  0%| F|  |TAMS 0x0000000085d00000, 0x0000000085d00000| Untracked 
|  94|0x0000000085e00000, 0x0000000085e00000, 0x0000000085f00000|  0%| F|  |TAMS 0x0000000085e00000, 0x0000000085e00000| Untracked 
|  95|0x0000000085f00000, 0x0000000085f00000, 0x0000000086000000|  0%| F|  |TAMS 0x0000000085f00000, 0x0000000085f00000| Untracked 
|  96|0x0000000086000000, 0x0000000086000000, 0x0000000086100000|  0%| F|  |TAMS 0x0000000086000000, 0x0000000086000000| Untracked 
|  97|0x0000000086100000, 0x0000000086100000, 0x0000000086200000|  0%| F|  |TAMS 0x0000000086100000, 0x0000000086100000| Untracked 
|  98|0x0000000086200000, 0x0000000086200000, 0x0000000086300000|  0%| F|  |TAMS 0x0000000086200000, 0x0000000086200000| Untracked 
|  99|0x0000000086300000, 0x0000000086300000, 0x0000000086400000|  0%| F|  |TAMS 0x0000000086300000, 0x0000000086300000| Untracked 
| 100|0x0000000086400000, 0x0000000086400000, 0x0000000086500000|  0%| F|  |TAMS 0x0000000086400000, 0x0000000086400000| Untracked 
| 101|0x0000000086500000, 0x0000000086500000, 0x0000000086600000|  0%| F|  |TAMS 0x0000000086500000, 0x0000000086500000| Untracked 
| 102|0x0000000086600000, 0x0000000086600000, 0x0000000086700000|  0%| F|  |TAMS 0x0000000086600000, 0x0000000086600000| Untracked 
| 103|0x0000000086700000, 0x0000000086700000, 0x0000000086800000|  0%| F|  |TAMS 0x0000000086700000, 0x0000000086700000| Untracked 
| 104|0x0000000086800000, 0x0000000086800000, 0x0000000086900000|  0%| F|  |TAMS 0x0000000086800000, 0x0000000086800000| Untracked 
| 105|0x0000000086900000, 0x0000000086900000, 0x0000000086a00000|  0%| F|  |TAMS 0x0000000086900000, 0x0000000086900000| Untracked 
| 106|0x0000000086a00000, 0x0000000086a00000, 0x0000000086b00000|  0%| F|  |TAMS 0x0000000086a00000, 0x0000000086a00000| Untracked 
| 107|0x0000000086b00000, 0x0000000086b00000, 0x0000000086c00000|  0%| F|  |TAMS 0x0000000086b00000, 0x0000000086b00000| Untracked 
| 108|0x0000000086c00000, 0x0000000086c00000, 0x0000000086d00000|  0%| F|  |TAMS 0x0000000086c00000, 0x0000000086c00000| Untracked 
| 109|0x0000000086d00000, 0x0000000086d00000, 0x0000000086e00000|  0%| F|  |TAMS 0x0000000086d00000, 0x0000000086d00000| Untracked 
| 110|0x0000000086e00000, 0x0000000086e00000, 0x0000000086f00000|  0%| F|  |TAMS 0x0000000086e00000, 0x0000000086e00000| Untracked 
| 111|0x0000000086f00000, 0x0000000086f00000, 0x0000000087000000|  0%| F|  |TAMS 0x0000000086f00000, 0x0000000086f00000| Untracked 
| 112|0x0000000087000000, 0x0000000087000000, 0x0000000087100000|  0%| F|  |TAMS 0x0000000087000000, 0x0000000087000000| Untracked 
| 113|0x0000000087100000, 0x0000000087100000, 0x0000000087200000|  0%| F|  |TAMS 0x0000000087100000, 0x0000000087100000| Untracked 
| 114|0x0000000087200000, 0x0000000087200000, 0x0000000087300000|  0%| F|  |TAMS 0x0000000087200000, 0x0000000087200000| Untracked 
| 115|0x0000000087300000, 0x0000000087300000, 0x0000000087400000|  0%| F|  |TAMS 0x0000000087300000, 0x0000000087300000| Untracked 
| 116|0x0000000087400000, 0x0000000087400000, 0x0000000087500000|  0%| F|  |TAMS 0x0000000087400000, 0x0000000087400000| Untracked 
| 117|0x0000000087500000, 0x0000000087500000, 0x0000000087600000|  0%| F|  |TAMS 0x0000000087500000, 0x0000000087500000| Untracked 
| 118|0x0000000087600000, 0x0000000087600000, 0x0000000087700000|  0%| F|  |TAMS 0x0000000087600000, 0x0000000087600000| Untracked 
| 119|0x0000000087700000, 0x0000000087700000, 0x0000000087800000|  0%| F|  |TAMS 0x0000000087700000, 0x0000000087700000| Untracked 
| 120|0x0000000087800000, 0x0000000087800000, 0x0000000087900000|  0%| F|  |TAMS 0x0000000087800000, 0x0000000087800000| Untracked 
| 121|0x0000000087900000, 0x0000000087900000, 0x0000000087a00000|  0%| F|  |TAMS 0x0000000087900000, 0x0000000087900000| Untracked 
| 122|0x0000000087a00000, 0x0000000087a00000, 0x0000000087b00000|  0%| F|  |TAMS 0x0000000087a00000, 0x0000000087a00000| Untracked 
| 123|0x0000000087b00000, 0x0000000087b00000, 0x0000000087c00000|  0%| F|  |TAMS 0x0000000087b00000, 0x0000000087b00000| Untracked 
| 124|0x0000000087c00000, 0x0000000087c00000, 0x0000000087d00000|  0%| F|  |TAMS 0x0000000087c00000, 0x0000000087c00000| Untracked 
| 125|0x0000000087d00000, 0x0000000087d00000, 0x0000000087e00000|  0%| F|  |TAMS 0x0000000087d00000, 0x0000000087d00000| Untracked 
| 126|0x0000000087e00000, 0x0000000087e00000, 0x0000000087f00000|  0%| F|  |TAMS 0x0000000087e00000, 0x0000000087e00000| Untracked 
| 127|0x0000000087f00000, 0x0000000087f00000, 0x0000000088000000|  0%| F|  |TAMS 0x0000000087f00000, 0x0000000087f00000| Untracked 
| 128|0x0000000088000000, 0x0000000088000000, 0x0000000088100000|  0%| F|  |TAMS 0x0000000088000000, 0x0000000088000000| Untracked 
| 129|0x0000000088100000, 0x0000000088100000, 0x0000000088200000|  0%| F|  |TAMS 0x0000000088100000, 0x0000000088100000| Untracked 
| 130|0x0000000088200000, 0x0000000088200000, 0x0000000088300000|  0%| F|  |TAMS 0x0000000088200000, 0x0000000088200000| Untracked 
| 131|0x0000000088300000, 0x0000000088300000, 0x0000000088400000|  0%| F|  |TAMS 0x0000000088300000, 0x0000000088300000| Untracked 
| 132|0x0000000088400000, 0x0000000088400000, 0x0000000088500000|  0%| F|  |TAMS 0x0000000088400000, 0x0000000088400000| Untracked 
| 133|0x0000000088500000, 0x0000000088500000, 0x0000000088600000|  0%| F|  |TAMS 0x0000000088500000, 0x0000000088500000| Untracked 
| 134|0x0000000088600000, 0x0000000088600000, 0x0000000088700000|  0%| F|  |TAMS 0x0000000088600000, 0x0000000088600000| Untracked 
| 135|0x0000000088700000, 0x0000000088700000, 0x0000000088800000|  0%| F|  |TAMS 0x0000000088700000, 0x0000000088700000| Untracked 
| 136|0x0000000088800000, 0x0000000088800000, 0x0000000088900000|  0%| F|  |TAMS 0x0000000088800000, 0x0000000088800000| Untracked 
| 137|0x0000000088900000, 0x0000000088900000, 0x0000000088a00000|  0%| F|  |TAMS 0x0000000088900000, 0x0000000088900000| Untracked 
| 138|0x0000000088a00000, 0x0000000088a00000, 0x0000000088b00000|  0%| F|  |TAMS 0x0000000088a00000, 0x0000000088a00000| Untracked 
| 139|0x0000000088b00000, 0x0000000088b00000, 0x0000000088c00000|  0%| F|  |TAMS 0x0000000088b00000, 0x0000000088b00000| Untracked 
| 140|0x0000000088c00000, 0x0000000088c00000, 0x0000000088d00000|  0%| F|  |TAMS 0x0000000088c00000, 0x0000000088c00000| Untracked 
| 141|0x0000000088d00000, 0x0000000088d00000, 0x0000000088e00000|  0%| F|  |TAMS 0x0000000088d00000, 0x0000000088d00000| Untracked 
| 142|0x0000000088e00000, 0x0000000088e00000, 0x0000000088f00000|  0%| F|  |TAMS 0x0000000088e00000, 0x0000000088e00000| Untracked 
| 143|0x0000000088f00000, 0x0000000088f00000, 0x0000000089000000|  0%| F|  |TAMS 0x0000000088f00000, 0x0000000088f00000| Untracked 
| 144|0x0000000089000000, 0x0000000089000000, 0x0000000089100000|  0%| F|  |TAMS 0x0000000089000000, 0x0000000089000000| Untracked 
| 145|0x0000000089100000, 0x0000000089100000, 0x0000000089200000|  0%| F|  |TAMS 0x0000000089100000, 0x0000000089100000| Untracked 
| 146|0x0000000089200000, 0x0000000089200000, 0x0000000089300000|  0%| F|  |TAMS 0x0000000089200000, 0x0000000089200000| Untracked 
| 147|0x0000000089300000, 0x0000000089300000, 0x0000000089400000|  0%| F|  |TAMS 0x0000000089300000, 0x0000000089300000| Untracked 
| 148|0x0000000089400000, 0x0000000089400000, 0x0000000089500000|  0%| F|  |TAMS 0x0000000089400000, 0x0000000089400000| Untracked 
| 149|0x0000000089500000, 0x0000000089500000, 0x0000000089600000|  0%| F|  |TAMS 0x0000000089500000, 0x0000000089500000| Untracked 
| 150|0x0000000089600000, 0x0000000089600000, 0x0000000089700000|  0%| F|  |TAMS 0x0000000089600000, 0x0000000089600000| Untracked 
| 151|0x0000000089700000, 0x0000000089700000, 0x0000000089800000|  0%| F|  |TAMS 0x0000000089700000, 0x0000000089700000| Untracked 
| 152|0x0000000089800000, 0x0000000089800000, 0x0000000089900000|  0%| F|  |TAMS 0x0000000089800000, 0x0000000089800000| Untracked 
| 153|0x0000000089900000, 0x0000000089900000, 0x0000000089a00000|  0%| F|  |TAMS 0x0000000089900000, 0x0000000089900000| Untracked 
| 154|0x0000000089a00000, 0x0000000089a00000, 0x0000000089b00000|  0%| F|  |TAMS 0x0000000089a00000, 0x0000000089a00000| Untracked 
| 155|0x0000000089b00000, 0x0000000089b00000, 0x0000000089c00000|  0%| F|  |TAMS 0x0000000089b00000, 0x0000000089b00000| Untracked 
| 156|0x0000000089c00000, 0x0000000089c00000, 0x0000000089d00000|  0%| F|  |TAMS 0x0000000089c00000, 0x0000000089c00000| Untracked 
| 157|0x0000000089d00000, 0x0000000089d00000, 0x0000000089e00000|  0%| F|  |TAMS 0x0000000089d00000, 0x0000000089d00000| Untracked 
| 158|0x0000000089e00000, 0x0000000089e00000, 0x0000000089f00000|  0%| F|  |TAMS 0x0000000089e00000, 0x0000000089e00000| Untracked 
| 159|0x0000000089f00000, 0x0000000089f00000, 0x000000008a000000|  0%| F|  |TAMS 0x0000000089f00000, 0x0000000089f00000| Untracked 
| 160|0x000000008a000000, 0x000000008a000000, 0x000000008a100000|  0%| F|  |TAMS 0x000000008a000000, 0x000000008a000000| Untracked 
| 161|0x000000008a100000, 0x000000008a100000, 0x000000008a200000|  0%| F|  |TAMS 0x000000008a100000, 0x000000008a100000| Untracked 
| 162|0x000000008a200000, 0x000000008a200000, 0x000000008a300000|  0%| F|  |TAMS 0x000000008a200000, 0x000000008a200000| Untracked 
| 163|0x000000008a300000, 0x000000008a300000, 0x000000008a400000|  0%| F|  |TAMS 0x000000008a300000, 0x000000008a300000| Untracked 
| 164|0x000000008a400000, 0x000000008a400000, 0x000000008a500000|  0%| F|  |TAMS 0x000000008a400000, 0x000000008a400000| Untracked 
| 165|0x000000008a500000, 0x000000008a500000, 0x000000008a600000|  0%| F|  |TAMS 0x000000008a500000, 0x000000008a500000| Untracked 
| 166|0x000000008a600000, 0x000000008a600000, 0x000000008a700000|  0%| F|  |TAMS 0x000000008a600000, 0x000000008a600000| Untracked 
| 167|0x000000008a700000, 0x000000008a700000, 0x000000008a800000|  0%| F|  |TAMS 0x000000008a700000, 0x000000008a700000| Untracked 
| 168|0x000000008a800000, 0x000000008a800000, 0x000000008a900000|  0%| F|  |TAMS 0x000000008a800000, 0x000000008a800000| Untracked 
| 169|0x000000008a900000, 0x000000008a900000, 0x000000008aa00000|  0%| F|  |TAMS 0x000000008a900000, 0x000000008a900000| Untracked 
| 170|0x000000008aa00000, 0x000000008aa00000, 0x000000008ab00000|  0%| F|  |TAMS 0x000000008aa00000, 0x000000008aa00000| Untracked 
| 171|0x000000008ab00000, 0x000000008ab00000, 0x000000008ac00000|  0%| F|  |TAMS 0x000000008ab00000, 0x000000008ab00000| Untracked 
| 172|0x000000008ac00000, 0x000000008ac00000, 0x000000008ad00000|  0%| F|  |TAMS 0x000000008ac00000, 0x000000008ac00000| Untracked 
| 173|0x000000008ad00000, 0x000000008ad00000, 0x000000008ae00000|  0%| F|  |TAMS 0x000000008ad00000, 0x000000008ad00000| Untracked 
| 174|0x000000008ae00000, 0x000000008ae00000, 0x000000008af00000|  0%| F|  |TAMS 0x000000008ae00000, 0x000000008ae00000| Untracked 
| 175|0x000000008af00000, 0x000000008af00000, 0x000000008b000000|  0%| F|  |TAMS 0x000000008af00000, 0x000000008af00000| Untracked 
| 176|0x000000008b000000, 0x000000008b000000, 0x000000008b100000|  0%| F|  |TAMS 0x000000008b000000, 0x000000008b000000| Untracked 
| 177|0x000000008b100000, 0x000000008b100000, 0x000000008b200000|  0%| F|  |TAMS 0x000000008b100000, 0x000000008b100000| Untracked 
| 178|0x000000008b200000, 0x000000008b200000, 0x000000008b300000|  0%| F|  |TAMS 0x000000008b200000, 0x000000008b200000| Untracked 
| 179|0x000000008b300000, 0x000000008b300000, 0x000000008b400000|  0%| F|  |TAMS 0x000000008b300000, 0x000000008b300000| Untracked 
| 180|0x000000008b400000, 0x000000008b480790, 0x000000008b500000| 50%| E|  |TAMS 0x000000008b400000, 0x000000008b400000| Complete 
| 181|0x000000008b500000, 0x000000008b600000, 0x000000008b600000|100%| E|CS|TAMS 0x000000008b500000, 0x000000008b500000| Complete 
| 182|0x000000008b600000, 0x000000008b700000, 0x000000008b700000|100%| E|CS|TAMS 0x000000008b600000, 0x000000008b600000| Complete 
| 183|0x000000008b700000, 0x000000008b800000, 0x000000008b800000|100%| E|CS|TAMS 0x000000008b700000, 0x000000008b700000| Complete 
| 184|0x000000008b800000, 0x000000008b900000, 0x000000008b900000|100%| E|CS|TAMS 0x000000008b800000, 0x000000008b800000| Complete 
| 185|0x000000008b900000, 0x000000008ba00000, 0x000000008ba00000|100%| E|CS|TAMS 0x000000008b900000, 0x000000008b900000| Complete 
| 186|0x000000008ba00000, 0x000000008bb00000, 0x000000008bb00000|100%| E|CS|TAMS 0x000000008ba00000, 0x000000008ba00000| Complete 
| 187|0x000000008bb00000, 0x000000008bc00000, 0x000000008bc00000|100%| E|CS|TAMS 0x000000008bb00000, 0x000000008bb00000| Complete 
| 188|0x000000008bc00000, 0x000000008bd00000, 0x000000008bd00000|100%| E|CS|TAMS 0x000000008bc00000, 0x000000008bc00000| Complete 
| 189|0x000000008bd00000, 0x000000008be00000, 0x000000008be00000|100%| E|CS|TAMS 0x000000008bd00000, 0x000000008bd00000| Complete 
| 190|0x000000008be00000, 0x000000008bf00000, 0x000000008bf00000|100%| E|CS|TAMS 0x000000008be00000, 0x000000008be00000| Complete 
| 191|0x000000008bf00000, 0x000000008c000000, 0x000000008c000000|100%| E|CS|TAMS 0x000000008bf00000, 0x000000008bf00000| Complete 

Card table byte_map: [0x0000018cb1de0000,0x0000018cb21e0000] _byte_map_base: 0x0000018cb19e0000

Marking Bits (Prev, Next): (CMBitMap*) 0x0000018c9a2c3e20, (CMBitMap*) 0x0000018c9a2c3de8
 Prev Bits: [0x0000018cb45e0000, 0x0000018cb65e0000)
 Next Bits: [0x0000018cb25e0000, 0x0000018cb45e0000)

Polling page: 0x0000018c98020000

Metaspace:

Usage:
  Non-class:     57.31 MB capacity,    55.99 MB ( 98%) used,     1.12 MB (  2%) free+waste,   203.88 KB ( <1%) overhead. 
      Class:      9.19 MB capacity,     8.41 MB ( 91%) used,   702.52 KB (  7%) free+waste,    99.06 KB (  1%) overhead. 
       Both:     66.50 MB capacity,    64.40 MB ( 97%) used,     1.80 MB (  3%) free+waste,   302.94 KB ( <1%) overhead. 

Virtual space:
  Non-class space:       58.00 MB reserved,      57.38 MB ( 99%) committed 
      Class space:      504.00 MB reserved,       9.32 MB (  2%) committed 
             Both:      562.00 MB reserved,      66.70 MB ( 12%) committed 

Chunk freelists:
   Non-Class:  11.00 KB
       Class:  26.00 KB
        Both:  37.00 KB

MaxMetaspaceSize: 512.00 MB
CompressedClassSpaceSize: 504.00 MB
Initial GC threshold: 20.80 MB
Current GC threshold: 98.88 MB
CDS: off

CodeHeap 'non-profiled nmethods': size=120064Kb used=4016Kb max_used=4016Kb free=116047Kb
 bounds [0x0000018caa4a0000, 0x0000018caa890000, 0x0000018cb19e0000]
CodeHeap 'profiled nmethods': size=120000Kb used=13714Kb max_used=13714Kb free=106285Kb
 bounds [0x0000018ca2f70000, 0x0000018ca3ce0000, 0x0000018caa4a0000]
CodeHeap 'non-nmethods': size=5696Kb used=2374Kb max_used=2392Kb free=3321Kb
 bounds [0x0000018ca29e0000, 0x0000018ca2c50000, 0x0000018ca2f70000]
 total_blobs=7192 nmethods=6334 adapters=768
 compilation: enabled
              stopped_count=0, restarted_count=0
 full_count=0

Compilation events (20 events):
Event: 65.780 Thread 0x0000018cb8b05000 6373       3       org.objectweb.asm.Frame::execute (2318 bytes)
Event: 65.789 Thread 0x0000018cb8b05000 nmethod 6373 0x0000018ca3cbf990 code [0x0000018ca3cc0700, 0x0000018ca3cc6e38]
Event: 65.789 Thread 0x0000018cb8b05000 6376       3       org.objectweb.asm.Type::getArgumentsAndReturnSizes (140 bytes)
Event: 65.793 Thread 0x0000018cb8b05000 nmethod 6376 0x0000018ca3cc8b10 code [0x0000018ca3cc8f20, 0x0000018ca3ccaeb8]
Event: 65.793 Thread 0x0000018cb8b05000 6377       3       org.objectweb.asm.Frame::getAbstractTypeFromDescriptor (415 bytes)
Event: 65.796 Thread 0x0000018cb8b05000 nmethod 6377 0x0000018ca3ccba90 code [0x0000018ca3ccbe40, 0x0000018ca3ccd9d8]
Event: 65.796 Thread 0x0000018cb8b05000 6375       3       org.gradle.internal.instantiation.generator.AbstractClassGenerator$ExtensibleTypePropertyHandler::applyTo (228 bytes)
Event: 65.798 Thread 0x0000018cb8b05000 nmethod 6375 0x0000018ca3cce310 code [0x0000018ca3cce700, 0x0000018ca3cd03b8]
Event: 65.798 Thread 0x0000018cb8b05000 6378       3       com.google.common.collect.AbstractMapBasedMultimap$WrappedCollection$WrappedIterator::validateIterator (30 bytes)
Event: 65.799 Thread 0x0000018cb8b05000 nmethod 6378 0x0000018ca3cd0c10 code [0x0000018ca3cd0de0, 0x0000018ca3cd10b8]
Event: 65.862 Thread 0x0000018cb8b05000 6379       3       java.lang.invoke.LambdaForm$MH/0x000000010022cc40::linkToTargetMethod (15 bytes)
Event: 65.862 Thread 0x0000018cb8b05000 nmethod 6379 0x0000018ca3cd1210 code [0x0000018ca3cd13e0, 0x0000018ca3cd1818]
Event: 65.863 Thread 0x0000018cb8b05000 6380       3       java.lang.invoke.LambdaForm$MH/0x0000000100309040::linkToTargetMethod (17 bytes)
Event: 65.863 Thread 0x0000018cb8b05000 nmethod 6380 0x0000018ca3cd1910 code [0x0000018ca3cd1ae0, 0x0000018ca3cd1f18]
Event: 65.872 Thread 0x0000018cb8b05000 6382   !   3       org.gradle.internal.event.DefaultListenerManager::getBroadcasterInternal (155 bytes)
Event: 65.873 Thread 0x0000018cb8b05000 nmethod 6382 0x0000018ca3cd2010 code [0x0000018ca3cd22e0, 0x0000018ca3cd3308]
Event: 65.873 Thread 0x0000018cb8b05000 6384       3       java.util.ArrayList::addAll (76 bytes)
Event: 65.874 Thread 0x0000018cb8b05000 nmethod 6384 0x0000018ca3cd3a10 code [0x0000018ca3cd3c20, 0x0000018ca3cd4218]
Event: 65.874 Thread 0x0000018cb8b05000 6383       3       org.gradle.internal.event.DefaultListenerManager$EventBroadcast$ListenerDispatch::<init> (16 bytes)
Event: 65.874 Thread 0x0000018cb8b05000 nmethod 6383 0x0000018ca3cd4410 code [0x0000018ca3cd45e0, 0x0000018ca3cd4858]

GC Heap History (20 events):
Event: 1.868 GC heap before
{Heap before GC invocations=1 (full 0):
 garbage-first heap   total 196608K, used 18584K [0x0000000080000000, 0x0000000100000000)
  region size 1024K, 13 young (13312K), 2 survivors (2048K)
 Metaspace       used 9838K, capacity 10032K, committed 10368K, reserved 526336K
  class space    used 1002K, capacity 1069K, committed 1152K, reserved 516096K
}
Event: 1.873 GC heap after
{Heap after GC invocations=2 (full 0):
 garbage-first heap   total 196608K, used 9420K [0x0000000080000000, 0x0000000100000000)
  region size 1024K, 2 young (2048K), 2 survivors (2048K)
 Metaspace       used 9838K, capacity 10032K, committed 10368K, reserved 526336K
  class space    used 1002K, capacity 1069K, committed 1152K, reserved 516096K
}
Event: 2.999 GC heap before
{Heap before GC invocations=2 (full 0):
 garbage-first heap   total 196608K, used 37068K [0x0000000080000000, 0x0000000100000000)
  region size 1024K, 29 young (29696K), 2 survivors (2048K)
 Metaspace       used 10901K, capacity 11085K, committed 11264K, reserved 526336K
  class space    used 1111K, capacity 1207K, committed 1280K, reserved 516096K
}
Event: 3.002 GC heap after
{Heap after GC invocations=3 (full 0):
 garbage-first heap   total 196608K, used 12126K [0x0000000080000000, 0x0000000100000000)
  region size 1024K, 4 young (4096K), 4 survivors (4096K)
 Metaspace       used 10901K, capacity 11085K, committed 11264K, reserved 526336K
  class space    used 1111K, capacity 1207K, committed 1280K, reserved 516096K
}
Event: 5.461 GC heap before
{Heap before GC invocations=3 (full 0):
 garbage-first heap   total 196608K, used 53086K [0x0000000080000000, 0x0000000100000000)
  region size 1024K, 43 young (44032K), 4 survivors (4096K)
 Metaspace       used 17585K, capacity 17980K, committed 18048K, reserved 532480K
  class space    used 2034K, capacity 2144K, committed 2176K, reserved 516096K
}
Event: 5.470 GC heap after
{Heap after GC invocations=4 (full 0):
 garbage-first heap   total 196608K, used 16570K [0x0000000080000000, 0x0000000100000000)
  region size 1024K, 6 young (6144K), 6 survivors (6144K)
 Metaspace       used 17585K, capacity 17980K, committed 18048K, reserved 532480K
  class space    used 2034K, capacity 2144K, committed 2176K, reserved 516096K
}
Event: 6.142 GC heap before
{Heap before GC invocations=4 (full 0):
 garbage-first heap   total 196608K, used 45242K [0x0000000080000000, 0x0000000100000000)
  region size 1024K, 35 young (35840K), 6 survivors (6144K)
 Metaspace       used 20826K, capacity 21220K, committed 21296K, reserved 536576K
  class space    used 2514K, capacity 2687K, committed 2688K, reserved 516096K
}
Event: 6.152 GC heap after
{Heap after GC invocations=5 (full 0):
 garbage-first heap   total 196608K, used 17998K [0x0000000080000000, 0x0000000100000000)
  region size 1024K, 2 young (2048K), 2 survivors (2048K)
 Metaspace       used 20826K, capacity 21220K, committed 21296K, reserved 536576K
  class space    used 2514K, capacity 2687K, committed 2688K, reserved 516096K
}
Event: 8.767 GC heap before
{Heap before GC invocations=6 (full 0):
 garbage-first heap   total 196608K, used 75342K [0x0000000080000000, 0x0000000100000000)
  region size 1024K, 58 young (59392K), 2 survivors (2048K)
 Metaspace       used 27015K, capacity 27629K, committed 27772K, reserved 540672K
  class space    used 3508K, capacity 3770K, committed 3788K, reserved 516096K
}
Event: 8.776 GC heap after
{Heap after GC invocations=7 (full 0):
 garbage-first heap   total 196608K, used 19826K [0x0000000080000000, 0x0000000100000000)
  region size 1024K, 4 young (4096K), 4 survivors (4096K)
 Metaspace       used 27015K, capacity 27629K, committed 27772K, reserved 540672K
  class space    used 3508K, capacity 3770K, committed 3788K, reserved 516096K
}
Event: 11.517 GC heap before
{Heap before GC invocations=7 (full 0):
 garbage-first heap   total 196608K, used 87410K [0x0000000080000000, 0x0000000100000000)
  region size 1024K, 71 young (72704K), 4 survivors (4096K)
 Metaspace       used 35189K, capacity 36006K, committed 36048K, reserved 548864K
  class space    used 4588K, capacity 4925K, committed 4940K, reserved 516096K
}
Event: 11.532 GC heap after
{Heap after GC invocations=8 (full 0):
 garbage-first heap   total 196608K, used 22940K [0x0000000080000000, 0x0000000100000000)
  region size 1024K, 7 young (7168K), 7 survivors (7168K)
 Metaspace       used 35189K, capacity 36006K, committed 36048K, reserved 548864K
  class space    used 4588K, capacity 4925K, committed 4940K, reserved 516096K
}
Event: 40.320 GC heap before
{Heap before GC invocations=9 (full 0):
 garbage-first heap   total 196608K, used 136604K [0x0000000080000000, 0x0000000100000000)
  region size 1024K, 115 young (117760K), 7 survivors (7168K)
 Metaspace       used 44247K, capacity 45447K, committed 45648K, reserved 557056K
  class space    used 5536K, capacity 5985K, committed 6092K, reserved 516096K
}
Event: 40.353 GC heap after
{Heap after GC invocations=10 (full 0):
 garbage-first heap   total 196608K, used 31732K [0x0000000080000000, 0x0000000100000000)
  region size 1024K, 15 young (15360K), 15 survivors (15360K)
 Metaspace       used 44247K, capacity 45447K, committed 45648K, reserved 557056K
  class space    used 5536K, capacity 5985K, committed 6092K, reserved 516096K
}
Event: 50.856 GC heap before
{Heap before GC invocations=10 (full 0):
 garbage-first heap   total 196608K, used 134132K [0x0000000080000000, 0x0000000100000000)
  region size 1024K, 115 young (117760K), 15 survivors (15360K)
 Metaspace       used 51151K, capacity 52608K, committed 52688K, reserved 563200K
  class space    used 6582K, capacity 7172K, committed 7244K, reserved 516096K
}
Event: 50.905 GC heap after
{Heap after GC invocations=11 (full 0):
 garbage-first heap   total 196608K, used 35165K [0x0000000080000000, 0x0000000100000000)
  region size 1024K, 6 young (6144K), 6 survivors (6144K)
 Metaspace       used 51151K, capacity 52608K, committed 52688K, reserved 563200K
  class space    used 6582K, capacity 7172K, committed 7244K, reserved 516096K
}
Event: 58.780 GC heap before
{Heap before GC invocations=11 (full 0):
 garbage-first heap   total 196608K, used 110941K [0x0000000080000000, 0x0000000100000000)
  region size 1024K, 77 young (78848K), 6 survivors (6144K)
 Metaspace       used 58644K, capacity 60369K, committed 60496K, reserved 569344K
  class space    used 7607K, capacity 8332K, committed 8396K, reserved 516096K
}
Event: 58.802 GC heap after
{Heap after GC invocations=12 (full 0):
 garbage-first heap   total 196608K, used 42492K [0x0000000080000000, 0x0000000100000000)
  region size 1024K, 9 young (9216K), 9 survivors (9216K)
 Metaspace       used 58644K, capacity 60369K, committed 60496K, reserved 569344K
  class space    used 7607K, capacity 8332K, committed 8396K, reserved 516096K
}
Event: 65.056 GC heap before
{Heap before GC invocations=13 (full 0):
 garbage-first heap   total 196608K, used 150012K [0x0000000080000000, 0x0000000100000000)
  region size 1024K, 115 young (117760K), 9 survivors (9216K)
 Metaspace       used 65140K, capacity 67219K, committed 67280K, reserved 575488K
  class space    used 8479K, capacity 9253K, committed 9292K, reserved 516096K
}
Event: 65.081 GC heap after
{Heap after GC invocations=14 (full 0):
 garbage-first heap   total 196608K, used 48372K [0x0000000080000000, 0x0000000100000000)
  region size 1024K, 11 young (11264K), 11 survivors (11264K)
 Metaspace       used 65140K, capacity 67219K, committed 67280K, reserved 575488K
  class space    used 8479K, capacity 9253K, committed 9292K, reserved 516096K
}

Deoptimization events (20 events):
Event: 64.581 Thread 0x0000018cbb53b800 Uncommon trap: trap_request=0xffffffc6 fr.pc=0x0000018caa6b2144 relative=0x0000000000000e64
Event: 64.581 Thread 0x0000018cbb53b800 Uncommon trap: reason=bimorphic_or_optimized_type_check action=maybe_recompile pc=0x0000018caa6b2144 method=org.codehaus.groovy.runtime.metaclass.MetaMethodIndex.isOverridden(Lgroovy/lang/MetaMethod;Lgroovy/lang/MetaMethod;)Z @ 10 c2
Event: 64.581 Thread 0x0000018cbb53b800 DEOPT PACKING pc=0x0000018caa6b2144 sp=0x00000033d1af6240
Event: 64.581 Thread 0x0000018cbb53b800 DEOPT UNPACKING pc=0x0000018ca2a2a1af sp=0x00000033d1af6188 mode 2
Event: 64.677 Thread 0x0000018cbb53b800 Uncommon trap: trap_request=0xffffff4d fr.pc=0x0000018caa6bd888 relative=0x0000000000005388
Event: 64.677 Thread 0x0000018cbb53b800 Uncommon trap: reason=unstable_if action=reinterpret pc=0x0000018caa6bd888 method=org.codehaus.groovy.reflection.CachedMethod.compareToMethod(Ljava/lang/reflect/Method;)I @ 43 c2
Event: 64.679 Thread 0x0000018cbb53b800 DEOPT PACKING pc=0x0000018caa6bd888 sp=0x00000033d1af60c0
Event: 64.679 Thread 0x0000018cbb53b800 DEOPT UNPACKING pc=0x0000018ca2a2a1af sp=0x00000033d1af60b0 mode 2
Event: 65.779 Thread 0x0000018cbb53b800 Uncommon trap: trap_request=0xffffff4d fr.pc=0x0000018caa7f4d2c relative=0x000000000000040c
Event: 65.779 Thread 0x0000018cbb53b800 Uncommon trap: reason=unstable_if action=reinterpret pc=0x0000018caa7f4d2c method=org.objectweb.asm.Type.getArgumentsAndReturnSizes(Ljava/lang/String;)I @ 117 c2
Event: 65.779 Thread 0x0000018cbb53b800 DEOPT PACKING pc=0x0000018caa7f4d2c sp=0x00000033d1af61f0
Event: 65.779 Thread 0x0000018cbb53b800 DEOPT UNPACKING pc=0x0000018ca2a2a1af sp=0x00000033d1af6170 mode 2
Event: 65.779 Thread 0x0000018cbb53b800 Uncommon trap: trap_request=0xffffff4d fr.pc=0x0000018caa7ce58c relative=0x00000000000015cc
Event: 65.779 Thread 0x0000018cbb53b800 Uncommon trap: reason=unstable_if action=reinterpret pc=0x0000018caa7ce58c method=org.objectweb.asm.Type.getArgumentsAndReturnSizes(Ljava/lang/String;)I @ 117 c2
Event: 65.779 Thread 0x0000018cbb53b800 DEOPT PACKING pc=0x0000018caa7ce58c sp=0x00000033d1af5f60
Event: 65.779 Thread 0x0000018cbb53b800 DEOPT UNPACKING pc=0x0000018ca2a2a1af sp=0x00000033d1af5e08 mode 2
Event: 65.779 Thread 0x0000018cbb53b800 Uncommon trap: trap_request=0xffffff4d fr.pc=0x0000018caa7c00f0 relative=0x00000000000006d0
Event: 65.779 Thread 0x0000018cbb53b800 Uncommon trap: reason=unstable_if action=reinterpret pc=0x0000018caa7c00f0 method=org.objectweb.asm.Frame.getAbstractTypeFromDescriptor(Lorg/objectweb/asm/SymbolTable;Ljava/lang/String;I)I @ 5 c2
Event: 65.779 Thread 0x0000018cbb53b800 DEOPT PACKING pc=0x0000018caa7c00f0 sp=0x00000033d1af5dd0
Event: 65.779 Thread 0x0000018cbb53b800 DEOPT UNPACKING pc=0x0000018ca2a2a1af sp=0x00000033d1af5d90 mode 2

Classes redefined (0 events):
No events

Internal exceptions (20 events):
Event: 64.531 Thread 0x0000018cbb53b800 Exception <a 'java/lang/ClassNotFoundException'{0x0000000085b736e0}: build_8f7m0wr4sdiqvk530emhpzd72BeanInfo> (0x0000000085b736e0) thrown at [./src/hotspot/share/classfile/systemDictionary.cpp, line 230]
Event: 64.539 Thread 0x0000018cbb53b800 Exception <a 'java/lang/ClassNotFoundException'{0x0000000085b8c4e0}: org/gradle/api/internal/project/ProjectScriptBeanInfo> (0x0000000085b8c4e0) thrown at [./src/hotspot/share/classfile/systemDictionary.cpp, line 230]
Event: 64.540 Thread 0x0000018cbb53b800 Exception <a 'java/lang/ClassNotFoundException'{0x0000000085ba5570}: org/gradle/api/internal/project/ProjectScriptCustomizer> (0x0000000085ba5570) thrown at [./src/hotspot/share/classfile/systemDictionary.cpp, line 230]
Event: 64.541 Thread 0x0000018cbb53b800 Exception <a 'java/lang/ClassNotFoundException'{0x0000000085bc2488}: build_8f7m0wr4sdiqvk530emhpzd72Customizer> (0x0000000085bc2488) thrown at [./src/hotspot/share/classfile/systemDictionary.cpp, line 230]
Event: 64.558 Thread 0x0000018cbb53b800 Exception <a 'java/lang/ClassNotFoundException'{0x0000000085a51780}: org/gradle/api/internal/initialization/DefaultScriptHandlerBeanInfo> (0x0000000085a51780) thrown at [./src/hotspot/share/classfile/systemDictionary.cpp, line 230]
Event: 64.559 Thread 0x0000018cbb53b800 Exception <a 'java/lang/ClassNotFoundException'{0x0000000085a7ff20}: org/gradle/api/internal/initialization/DefaultScriptHandlerCustomizer> (0x0000000085a7ff20) thrown at [./src/hotspot/share/classfile/systemDictionary.cpp, line 230]
Event: 64.638 Thread 0x0000018cbb53b800 Exception <a 'java/lang/ClassNotFoundException'{0x00000000856a4cd0}: org/gradle/api/internal/artifacts/dsl/DefaultRepositoryHandler_DecoratedBeanInfo> (0x00000000856a4cd0) thrown at [./src/hotspot/share/classfile/systemDictionary.cpp, line 230]
Event: 64.640 Thread 0x0000018cbb53b800 Exception <a 'java/lang/ClassNotFoundException'{0x00000000856e60d8}: org/gradle/api/internal/artifacts/dsl/DefaultRepositoryHandlerBeanInfo> (0x00000000856e60d8) thrown at [./src/hotspot/share/classfile/systemDictionary.cpp, line 230]
Event: 64.642 Thread 0x0000018cbb53b800 Exception <a 'java/lang/ClassNotFoundException'{0x000000008552af20}: org/gradle/api/internal/artifacts/DefaultArtifactRepositoryContainerBeanInfo> (0x000000008552af20) thrown at [./src/hotspot/share/classfile/systemDictionary.cpp, line 230]
Event: 64.643 Thread 0x0000018cbb53b800 Exception <a 'java/lang/ClassNotFoundException'{0x000000008555a6c8}: org/gradle/api/internal/DefaultNamedDomainObjectListBeanInfo> (0x000000008555a6c8) thrown at [./src/hotspot/share/classfile/systemDictionary.cpp, line 230]
Event: 64.644 Thread 0x0000018cbb53b800 Exception <a 'java/lang/ClassNotFoundException'{0x000000008558b918}: org/gradle/api/internal/DefaultNamedDomainObjectCollectionBeanInfo> (0x000000008558b918) thrown at [./src/hotspot/share/classfile/systemDictionary.cpp, line 230]
Event: 64.646 Thread 0x0000018cbb53b800 Exception <a 'java/lang/ClassNotFoundException'{0x00000000855bd628}: org/gradle/api/internal/DefaultNamedDomainObjectCollectionCustomizer> (0x00000000855bd628) thrown at [./src/hotspot/share/classfile/systemDictionary.cpp, line 230]
Event: 64.649 Thread 0x0000018cbb53b800 Exception <a 'java/lang/ClassNotFoundException'{0x0000000085413070}: org/gradle/api/internal/DefaultNamedDomainObjectListCustomizer> (0x0000000085413070) thrown at [./src/hotspot/share/classfile/systemDictionary.cpp, line 230]
Event: 64.657 Thread 0x0000018cbb53b800 Exception <a 'java/lang/ClassNotFoundException'{0x0000000085470b78}: org/gradle/api/internal/artifacts/DefaultArtifactRepositoryContainerCustomizer> (0x0000000085470b78) thrown at [./src/hotspot/share/classfile/systemDictionary.cpp, line 230]
Event: 64.665 Thread 0x0000018cbb53b800 Exception <a 'java/lang/ClassNotFoundException'{0x00000000854c3388}: org/gradle/api/internal/artifacts/dsl/DefaultRepositoryHandlerCustomizer> (0x00000000854c3388) thrown at [./src/hotspot/share/classfile/systemDictionary.cpp, line 230]
Event: 64.673 Thread 0x0000018cbb53b800 Exception <a 'java/lang/ClassNotFoundException'{0x0000000085328b30}: org/gradle/api/internal/artifacts/dsl/DefaultRepositoryHandler_DecoratedCustomizer> (0x0000000085328b30) thrown at [./src/hotspot/share/classfile/systemDictionary.cpp, line 230]
Event: 64.711 Thread 0x0000018cbb53b800 Exception <a 'java/lang/ClassNotFoundException'{0x0000000085204d28}: org/gradle/api/internal/artifacts/dsl/dependencies/DefaultDependencyHandler_DecoratedBeanInfo> (0x0000000085204d28) thrown at [./src/hotspot/share/classfile/systemDictionary.cpp, line 230]
Event: 64.713 Thread 0x0000018cbb53b800 Exception <a 'java/lang/ClassNotFoundException'{0x000000008524b9f0}: org/gradle/api/internal/artifacts/dsl/dependencies/DefaultDependencyHandlerBeanInfo> (0x000000008524b9f0) thrown at [./src/hotspot/share/classfile/systemDictionary.cpp, line 230]
Event: 64.715 Thread 0x0000018cbb53b800 Exception <a 'java/lang/ClassNotFoundException'{0x0000000085292058}: org/gradle/api/internal/artifacts/dsl/dependencies/DefaultDependencyHandlerCustomizer> (0x0000000085292058) thrown at [./src/hotspot/share/classfile/systemDictionary.cpp, line 230]
Event: 64.721 Thread 0x0000018cbb53b800 Exception <a 'java/lang/ClassNotFoundException'{0x00000000851035c8}: org/gradle/api/internal/artifacts/dsl/dependencies/DefaultDependencyHandler_DecoratedCustomizer> (0x00000000851035c8) thrown at [./src/hotspot/share/classfile/systemDictionary.cpp, line 230]

Events (20 events):
Event: 65.855 loading class org/gradle/api/internal/tasks/testing/logging/DefaultTestLoggingContainer
Event: 65.855 loading class org/gradle/api/internal/tasks/testing/logging/DefaultTestLoggingContainer done
Event: 65.857 loading class org/gradle/api/tasks/testing/logging/TestLogEvent
Event: 65.857 loading class org/gradle/api/tasks/testing/logging/TestLogEvent done
Event: 65.858 loading class org/gradle/api/tasks/testing/logging/TestStackTraceFilter
Event: 65.858 loading class org/gradle/api/tasks/testing/logging/TestStackTraceFilter done
Event: 65.859 loading class org/gradle/api/tasks/testing/logging/TestExceptionFormat
Event: 65.859 loading class org/gradle/api/tasks/testing/logging/TestExceptionFormat done
Event: 65.866 loading class org/gradle/api/internal/tasks/testing/logging/DefaultTestLogging
Event: 65.866 loading class org/gradle/api/internal/tasks/testing/logging/DefaultTestLogging done
Event: 65.873 loading class org/gradle/api/internal/tasks/testing/DefaultTestTaskReports
Event: 65.873 loading class org/gradle/api/internal/tasks/testing/DefaultTestTaskReports done
Event: 65.875 loading class org/gradle/api/reporting/internal/TaskReportContainer
Event: 65.875 loading class org/gradle/api/reporting/internal/TaskReportContainer done
Event: 65.876 loading class org/gradle/api/reporting/internal/DefaultReportContainer
Event: 65.876 loading class org/gradle/api/reporting/internal/DefaultReportContainer done
Event: 65.879 loading class org/gradle/api/reporting/ReportContainer$ImmutableViolationException
Event: 65.879 loading class org/gradle/api/reporting/ReportContainer$ImmutableViolationException done
Event: 65.881 loading class org/gradle/api/tasks/testing/JUnitXmlReport
Event: 65.881 loading class org/gradle/api/tasks/testing/JUnitXmlReport done


Dynamic libraries:
0x00007ff690360000 - 0x00007ff69036d000 	C:\Program Files\OpenJDK\openjdk-11.0.16_8\bin\java.exe
0x00007ff9e8030000 - 0x00007ff9e8228000 	C:\Windows\SYSTEM32\ntdll.dll
0x00007ff9e6290000 - 0x00007ff9e634f000 	C:\Windows\System32\KERNEL32.DLL
0x00007ff9e59f0000 - 0x00007ff9e5cc2000 	C:\Windows\System32\KERNELBASE.dll
0x00007ff9e5f30000 - 0x00007ff9e6030000 	C:\Windows\System32\ucrtbase.dll
0x00007ff9c5ea0000 - 0x00007ff9c5eb5000 	C:\Program Files\OpenJDK\openjdk-11.0.16_8\bin\VCRUNTIME140.dll
0x00007ff9c5e80000 - 0x00007ff9c5e97000 	C:\Program Files\OpenJDK\openjdk-11.0.16_8\bin\jli.dll
0x00007ff9e7d70000 - 0x00007ff9e7f11000 	C:\Windows\System32\USER32.dll
0x00007ff9e5890000 - 0x00007ff9e58b2000 	C:\Windows\System32\win32u.dll
0x00007ff9d57e0000 - 0x00007ff9d5a7a000 	C:\Windows\WinSxS\amd64_microsoft.windows.common-controls_6595b64144ccf1df_6.0.19041.1110_none_60b5254171f9507e\COMCTL32.dll
0x00007ff9e67f0000 - 0x00007ff9e681b000 	C:\Windows\System32\GDI32.dll
0x00007ff9e68e0000 - 0x00007ff9e697e000 	C:\Windows\System32\msvcrt.dll
0x00007ff9e5e20000 - 0x00007ff9e5f2f000 	C:\Windows\System32\gdi32full.dll
0x00007ff9e5d80000 - 0x00007ff9e5e1d000 	C:\Windows\System32\msvcp_win.dll
0x00007ff9e6a10000 - 0x00007ff9e6a40000 	C:\Windows\System32\IMM32.DLL
0x00007ff984080000 - 0x00007ff98411b000 	C:\Program Files\OpenJDK\openjdk-11.0.16_8\bin\msvcp140.dll
0x00007ff9797c0000 - 0x00007ff97a2ce000 	C:\Program Files\OpenJDK\openjdk-11.0.16_8\bin\server\jvm.dll
0x00007ff9e74f0000 - 0x00007ff9e759e000 	C:\Windows\System32\ADVAPI32.dll
0x00007ff9e6820000 - 0x00007ff9e68bc000 	C:\Windows\System32\sechost.dll
0x00007ff9e66c0000 - 0x00007ff9e67e4000 	C:\Windows\System32\RPCRT4.dll
0x00007ff9e66b0000 - 0x00007ff9e66b8000 	C:\Windows\System32\PSAPI.DLL
0x00007ff9dea20000 - 0x00007ff9dea29000 	C:\Windows\SYSTEM32\WSOCK32.dll
0x00007ff9e7f20000 - 0x00007ff9e7f8b000 	C:\Windows\System32\WS2_32.dll
0x00007ff9dafb0000 - 0x00007ff9dafd7000 	C:\Windows\SYSTEM32\WINMM.dll
0x00007ff9dd3d0000 - 0x00007ff9dd3da000 	C:\Windows\SYSTEM32\VERSION.dll
0x00007ff9e35f0000 - 0x00007ff9e3602000 	C:\Windows\SYSTEM32\kernel.appcore.dll
0x00007ff9d7150000 - 0x00007ff9d7160000 	C:\Program Files\OpenJDK\openjdk-11.0.16_8\bin\verify.dll
0x00007ff9d15d0000 - 0x00007ff9d17b4000 	C:\Windows\SYSTEM32\DBGHELP.DLL
0x00007ff9d1270000 - 0x00007ff9d12a5000 	C:\Windows\SYSTEM32\dbgcore.DLL
0x00007ff9e5930000 - 0x00007ff9e59b2000 	C:\Windows\System32\bcryptPrimitives.dll
0x00007ff9c02d0000 - 0x00007ff9c02f8000 	C:\Program Files\OpenJDK\openjdk-11.0.16_8\bin\java.dll
0x00007ff9d6ff0000 - 0x00007ff9d6ffa000 	C:\Program Files\OpenJDK\openjdk-11.0.16_8\bin\jimage.dll
0x00007ff9c2b50000 - 0x00007ff9c2b68000 	C:\Program Files\OpenJDK\openjdk-11.0.16_8\bin\zip.dll
0x00007ff9e7620000 - 0x00007ff9e7d65000 	C:\Windows\System32\SHELL32.dll
0x00007ff9e37f0000 - 0x00007ff9e3f82000 	C:\Windows\SYSTEM32\windows.storage.dll
0x00007ff9e6350000 - 0x00007ff9e66a5000 	C:\Windows\System32\combase.dll
0x00007ff9e5190000 - 0x00007ff9e51c0000 	C:\Windows\SYSTEM32\Wldp.dll
0x00007ff9e7170000 - 0x00007ff9e721d000 	C:\Windows\System32\SHCORE.dll
0x00007ff9e6ac0000 - 0x00007ff9e6b15000 	C:\Windows\System32\shlwapi.dll
0x00007ff9e5670000 - 0x00007ff9e568f000 	C:\Windows\SYSTEM32\profapi.dll
0x00007ff9c1460000 - 0x00007ff9c1479000 	C:\Program Files\OpenJDK\openjdk-11.0.16_8\bin\net.dll
0x00007ff9dca80000 - 0x00007ff9dcb8a000 	C:\Windows\SYSTEM32\WINHTTP.dll
0x00007ff9e4ef0000 - 0x00007ff9e4f5a000 	C:\Windows\system32\mswsock.dll
0x00007ff9bfdd0000 - 0x00007ff9bfde3000 	C:\Program Files\OpenJDK\openjdk-11.0.16_8\bin\nio.dll
0x00007ff9c3280000 - 0x00007ff9c32a7000 	C:\Users\DT\.gradle\native\e1d6ef7f7dcc3fd88c89a11ec53ec762bb8ba0a96d01ffa2cd45eb1d1d8dd5c5\windows-amd64\native-platform.dll
0x00007ff9af640000 - 0x00007ff9af784000 	C:\Users\DT\.gradle\native\0d407fdbe67a94daf76414ababcb853783967236a71b16ec16e742cd7a986fd3\windows-amd64\native-platform-file-events.dll
0x00007ff9d6f80000 - 0x00007ff9d6f89000 	C:\Program Files\OpenJDK\openjdk-11.0.16_8\bin\management.dll
0x00007ff9d2ab0000 - 0x00007ff9d2abb000 	C:\Program Files\OpenJDK\openjdk-11.0.16_8\bin\management_ext.dll
0x00007ff9e50e0000 - 0x00007ff9e50f8000 	C:\Windows\SYSTEM32\CRYPTSP.dll
0x00007ff9e4730000 - 0x00007ff9e4764000 	C:\Windows\system32\rsaenh.dll
0x00007ff9e59c0000 - 0x00007ff9e59e7000 	C:\Windows\System32\bcrypt.dll
0x00007ff9e5630000 - 0x00007ff9e565e000 	C:\Windows\SYSTEM32\USERENV.dll
0x00007ff9e5100000 - 0x00007ff9e510c000 	C:\Windows\SYSTEM32\CRYPTBASE.dll
0x00007ff9e4b90000 - 0x00007ff9e4bcb000 	C:\Windows\SYSTEM32\IPHLPAPI.DLL
0x00007ff9e68c0000 - 0x00007ff9e68c8000 	C:\Windows\System32\NSI.dll
0x00007ff9de200000 - 0x00007ff9de217000 	C:\Windows\SYSTEM32\dhcpcsvc6.DLL
0x00007ff9de1e0000 - 0x00007ff9de1fd000 	C:\Windows\SYSTEM32\dhcpcsvc.DLL
0x00007ff9e4be0000 - 0x00007ff9e4cab000 	C:\Windows\SYSTEM32\DNSAPI.dll

dbghelp: loaded successfully - version: 4.0.5 - missing functions: none
symbol engine: initialized successfully - sym options: 0x614 - pdb path: .;C:\Program Files\OpenJDK\openjdk-11.0.16_8\bin;C:\Windows\SYSTEM32;C:\Windows\WinSxS\amd64_microsoft.windows.common-controls_6595b64144ccf1df_6.0.19041.1110_none_60b5254171f9507e;C:\Program Files\OpenJDK\openjdk-11.0.16_8\bin\server;C:\Users\DT\.gradle\native\e1d6ef7f7dcc3fd88c89a11ec53ec762bb8ba0a96d01ffa2cd45eb1d1d8dd5c5\windows-amd64;C:\Users\DT\.gradle\native\0d407fdbe67a94daf76414ababcb853783967236a71b16ec16e742cd7a986fd3\windows-amd64

VM Arguments:
jvm_args: -XX:MaxMetaspaceSize=512m --add-opens=java.base/java.util=ALL-UNNAMED --add-opens=java.base/java.lang=ALL-UNNAMED --add-opens=java.base/java.lang.invoke=ALL-UNNAMED --add-opens=java.base/java.util=ALL-UNNAMED --add-opens=java.prefs/java.util.prefs=ALL-UNNAMED --add-opens=java.prefs/java.util.prefs=ALL-UNNAMED --add-opens=java.base/java.nio.charset=ALL-UNNAMED --add-opens=java.base/java.net=ALL-UNNAMED --add-opens=java.base/java.util.concurrent.atomic=ALL-UNNAMED -Xmx2048m -Dfile.encoding=utf8 -Duser.country=US -Duser.language=en -Duser.variant 
java_command: org.gradle.launcher.daemon.bootstrap.GradleDaemon 7.5.1
java_class_path (initial): C:\Users\DT\.gradle\wrapper\dists\gradle-7.5.1-all\1ehga6e77gqps5uk2kc5kf1vc\gradle-7.5.1\lib\gradle-launcher-7.5.1.jar
Launcher Type: SUN_STANDARD

[Global flags]
     intx CICompilerCount                          = 3                                         {product} {ergonomic}
   size_t CompressedClassSpaceSize                 = 528482304                                 {product} {ergonomic}
     uint ConcGCThreads                            = 1                                         {product} {ergonomic}
     uint G1ConcRefinementThreads                  = 4                                         {product} {ergonomic}
   size_t G1HeapRegionSize                         = 1048576                                   {product} {ergonomic}
    uintx GCDrainStackTargetSize                   = 64                                        {product} {ergonomic}
   size_t InitialHeapSize                          = 201326592                                 {product} {ergonomic}
   size_t MarkStackSize                            = 4194304                                   {product} {ergonomic}
   size_t MaxHeapSize                              = 2147483648                                {product} {command line}
   size_t MaxMetaspaceSize                         = 536870912                                 {product} {command line}
   size_t MaxNewSize                               = 1287651328                                {product} {ergonomic}
   size_t MinHeapDeltaBytes                        = 1048576                                   {product} {ergonomic}
    uintx NonNMethodCodeHeapSize                   = 5830732                                {pd product} {ergonomic}
    uintx NonProfiledCodeHeapSize                  = 122913754                              {pd product} {ergonomic}
    uintx ProfiledCodeHeapSize                     = 122913754                              {pd product} {ergonomic}
    uintx ReservedCodeCacheSize                    = 251658240                              {pd product} {ergonomic}
     bool SegmentedCodeCache                       = true                                      {product} {ergonomic}
     bool UseCompressedClassPointers               = true                                 {lp64_product} {ergonomic}
     bool UseCompressedOops                        = true                                 {lp64_product} {ergonomic}
     bool UseG1GC                                  = true                                      {product} {ergonomic}
     bool UseLargePagesIndividualAllocation        = false                                  {pd product} {ergonomic}

Logging:
Log output configuration:
 #0: stdout all=warning uptime,level,tags
 #1: stderr all=off uptime,level,tags

Environment Variables:
JAVA_HOME=C:\Program Files\OpenJDK\openjdk-11.0.16_8
PATH=C:\Program Files\Common Files\Oracle\Java\javapath;C:\ProgramData\Oracle\Java\javapath;C:\Windows\system32;C:\Windows;C:\Windows\System32\Wbem;C:\Windows\System32\WindowsPowerShell\v1.0\;C:\Windows\System32\OpenSSH\;C:\Program Files\Microsoft SQL Server\Client SDK\ODBC\170\Tools\Binn\;C:\Program Files\dotnet\;C:\Program Files (x86)\dotnet\;E:\AndroidStudioManager\flutter\bin;C:\Users\DT\AppData\Local\Programs\Python\Python310\Scripts;C:\Program Files (x86)\Microsoft Visual Studio\2019\Community\VC\Tools\MSVC\14.29.30133\bin\Hostx64\x64;C:\Program Files (x86)\Microsoft Visual Studio\2019\Community\VC\Tools\MSVC\14.29.30133\bin\Hostx64\x64;E:\Program Files\Git\cmd;C:\Users\DT\AppData\Roaming\npm;C:\ProgramData\chocolatey\bin;C:\Program Files\OpenJDK\openjdk-11.0.16_8\bin;E:\Android\flutter\bin;C:\Users\DT\AppData\Roaming\nvm;C:\Program Files\nodejs;C:\Program Files\nodejs\;C:\Users\DT\.console-ninja\.bin;C:\Program Files\Common Files\Oracle\Java\javapath;C:\ProgramData\Oracle\Java\javapath;C:\Windows\system32;C:\Windows;C:\Windows\System32\Wbem;C:\Windows\System32\WindowsPowerShell\v1.0\;C:\Windows\System32\OpenSSH\;C:\Program Files\Microsoft SQL Server\Client SDK\ODBC\170\Tools\Binn\;C:\Program Files (x86)\Microsoft SQL Server\150\Tools\Binn\;C:\Program Files\Microsoft SQL Server\150\Tools\Binn\;C:\Program Files\Microsoft SQL Server\150\DTS\Binn\;C:\Program Files (x86)\Microsoft SQL Server\150\DTS\Binn\;C:\Program Files\Azure Data Studio\bin;C:\Program Files\dotnet\;C:\Program Files\Microsoft SQL Server\130\Tools\Binn\;C:\Program Files (x86)\dotnet\;E:\Android\Sdk\platform-tools;C:\Users\DT\AppData\Local\Microsoft\WindowsApps;C:\Program Files\Azure Data Studio\bin;C:\Users\DT\.dotnet\tools;C:\Python34\ScriptsC:\Users\DT\AppData\Local\Programs\Python\Python310\Scri;C:\Users\DT\AppData\Local\GitHubDesktop\bin;E:\Flutter\flutter\flutter\bin;E:\Program Files\heroku\bin;E:\Program Files\heroku\bin;E:\Program Files\JetBrains\PhpStorm 2022.2.2\bin;;C:\Program Files\Micros
USERNAME=DT
OS=Windows_NT
PROCESSOR_IDENTIFIER=Intel64 Family 6 Model 69 Stepping 1, GenuineIntel
TMP=C:\Users\DT\AppData\Local\Temp
TEMP=C:\Users\DT\AppData\Local\Temp



---------------  S Y S T E M  ---------------

OS: Windows 10 , 64 bit Build 19041 (10.0.19041.2546)
OS uptime: 0 days 7:35 hours

CPU:total 4 (initial active 4) (2 cores per cpu, 2 threads per core) family 6 model 69 stepping 1 microcode 0x25, cmov, cx8, fxsr, mmx, sse, sse2, sse3, ssse3, sse4.1, sse4.2, popcnt, avx, avx2, aes, clmul, erms, lzcnt, ht, tsc, tscinvbit, bmi1, bmi2, fma

Memory: 4k page, system-wide physical 12171M (1871M free)
TotalPageFile size 14219M (AvailPageFile size 5M)
current process WorkingSet (physical memory assigned to process): 356M, peak: 358M
current process commit charge ("private bytes"): 417M, peak: 419M

vm_info: OpenJDK 64-Bit Server VM (11.0.16+8) for windows-amd64 JRE (11.0.16+8), built on Jul 17 2022 01:33:05 by "tester" with MS VC++ 15.9 (VS2017)

END.
